<?xml version="1.0" encoding="UTF-8" standalone="no"?>
<!DOCTYPE report PUBLIC "-//JACOCO//DTD Report 1.1//EN" "report.dtd"[]>
<report name="Pester (01/01/2026 19:56:37)">
  <sessioninfo id="this" start="1767297386749" dump="1767297397266" />
  <package name="dotfiles">
    <class name="dotfiles/deploy" sourcefilename="deploy.ps1">
      <method name="&lt;script&gt;" desc="()" line="5">
        <counter type="INSTRUCTION" missed="16" covered="0" />
        <counter type="LINE" missed="16" covered="0" />
        <counter type="METHOD" missed="1" covered="0" />
      </method>
      <method name="Get-DocumentsPath" desc="()" line="25">
        <counter type="INSTRUCTION" missed="4" covered="0" />
        <counter type="LINE" missed="4" covered="0" />
        <counter type="METHOD" missed="1" covered="0" />
      </method>
      <method name="Deploy-Common" desc="()" line="38">
        <counter type="INSTRUCTION" missed="36" covered="0" />
        <counter type="LINE" missed="31" covered="0" />
        <counter type="METHOD" missed="1" covered="0" />
      </method>
      <method name="Deploy-GitHooks" desc="()" line="105">
        <counter type="INSTRUCTION" missed="11" covered="0" />
        <counter type="LINE" missed="10" covered="0" />
        <counter type="METHOD" missed="1" covered="0" />
      </method>
      <method name="Deploy-ClaudeHooks" desc="()" line="129">
        <counter type="INSTRUCTION" missed="10" covered="0" />
        <counter type="LINE" missed="8" covered="0" />
        <counter type="METHOD" missed="1" covered="0" />
      </method>
      <method name="Deploy-PowerShellProfile" desc="()" line="151">
        <counter type="INSTRUCTION" missed="21" covered="0" />
        <counter type="LINE" missed="17" covered="0" />
        <counter type="METHOD" missed="1" covered="0" />
      </method>
      <method name="Update-GitConfig" desc="()" line="186">
        <counter type="INSTRUCTION" missed="11" covered="0" />
        <counter type="LINE" missed="9" covered="0" />
        <counter type="METHOD" missed="1" covered="0" />
      </method>
      <counter type="INSTRUCTION" missed="109" covered="0" />
      <counter type="LINE" missed="95" covered="0" />
      <counter type="METHOD" missed="7" covered="0" />
      <counter type="CLASS" missed="1" covered="0" />
    </class>
    <class name="dotfiles/update-all" sourcefilename="update-all.ps1">
      <method name="&lt;script&gt;" desc="()" line="4">
        <counter type="INSTRUCTION" missed="1" covered="8" />
        <counter type="LINE" missed="1" covered="8" />
        <counter type="METHOD" missed="0" covered="1" />
      </method>
      <method name="Update-Section" desc="()" line="16">
        <counter type="INSTRUCTION" missed="0" covered="2" />
        <counter type="LINE" missed="0" covered="1" />
        <counter type="METHOD" missed="0" covered="1" />
      </method>
      <method name="Update-Success" desc="()" line="21">
        <counter type="INSTRUCTION" missed="0" covered="1" />
        <counter type="LINE" missed="0" covered="1" />
        <counter type="METHOD" missed="0" covered="1" />
      </method>
      <method name="Update-Skip" desc="()" line="26">
        <counter type="INSTRUCTION" missed="0" covered="1" />
        <counter type="LINE" missed="0" covered="1" />
        <counter type="METHOD" missed="0" covered="1" />
      </method>
      <method name="Update-Fail" desc="()" line="31">
        <counter type="INSTRUCTION" missed="0" covered="1" />
        <counter type="LINE" missed="0" covered="1" />
        <counter type="METHOD" missed="0" covered="1" />
      </method>
      <method name="Test-Prerequisites" desc="()" line="40">
        <counter type="INSTRUCTION" missed="7" covered="27" />
        <counter type="LINE" missed="7" covered="27" />
        <counter type="METHOD" missed="0" covered="1" />
      </method>
      <method name="Invoke-WithTimeout" desc="()" line="108">
        <counter type="INSTRUCTION" missed="0" covered="12" />
        <counter type="LINE" missed="0" covered="11" />
        <counter type="METHOD" missed="0" covered="1" />
      </method>
      <method name="Update-AndReport" desc="()" line="130">
        <counter type="INSTRUCTION" missed="14" covered="5" />
        <counter type="LINE" missed="7" covered="5" />
        <counter type="METHOD" missed="0" covered="1" />
      </method>
      <method name="Update-Pip" desc="()" line="157">
        <counter type="INSTRUCTION" missed="13" covered="12" />
        <counter type="LINE" missed="8" covered="10" />
        <counter type="METHOD" missed="0" covered="1" />
      </method>
      <method name="Update-DotnetTools" desc="()" line="190">
        <counter type="INSTRUCTION" missed="16" covered="10" />
        <counter type="LINE" missed="9" covered="7" />
        <counter type="METHOD" missed="0" covered="1" />
      </method>
      <method name="Start-UpdateAll" desc="()" line="220">
        <counter type="INSTRUCTION" missed="91" covered="0" />
        <counter type="LINE" missed="87" covered="0" />
        <counter type="METHOD" missed="1" covered="0" />
      </method>
      <counter type="INSTRUCTION" missed="142" covered="79" />
      <counter type="LINE" missed="119" covered="72" />
      <counter type="METHOD" missed="1" covered="10" />
      <counter type="CLASS" missed="0" covered="1" />
    </class>
    <sourcefile name="deploy.ps1">
      <line nr="5" mi="1" ci="0" mb="0" cb="0" />
      <line nr="8" mi="1" ci="0" mb="0" cb="0" />
      <line nr="9" mi="1" ci="0" mb="0" cb="0" />
      <line nr="10" mi="1" ci="0" mb="0" cb="0" />
      <line nr="11" mi="1" ci="0" mb="0" cb="0" />
      <line nr="12" mi="1" ci="0" mb="0" cb="0" />
      <line nr="14" mi="1" ci="0" mb="0" cb="0" />
      <line nr="16" mi="1" ci="0" mb="0" cb="0" />
      <line nr="17" mi="1" ci="0" mb="0" cb="0" />
      <line nr="25" mi="1" ci="0" mb="0" cb="0" />
      <line nr="26" mi="1" ci="0" mb="0" cb="0" />
      <line nr="27" mi="1" ci="0" mb="0" cb="0" />
      <line nr="30" mi="1" ci="0" mb="0" cb="0" />
      <line nr="38" mi="1" ci="0" mb="0" cb="0" />
      <line nr="41" mi="2" ci="0" mb="0" cb="0" />
      <line nr="44" mi="1" ci="0" mb="0" cb="0" />
      <line nr="47" mi="1" ci="0" mb="0" cb="0" />
      <line nr="50" mi="1" ci="0" mb="0" cb="0" />
      <line nr="51" mi="2" ci="0" mb="0" cb="0" />
      <line nr="52" mi="1" ci="0" mb="0" cb="0" />
      <line nr="56" mi="1" ci="0" mb="0" cb="0" />
      <line nr="57" mi="2" ci="0" mb="0" cb="0" />
      <line nr="58" mi="1" ci="0" mb="0" cb="0" />
      <line nr="62" mi="1" ci="0" mb="0" cb="0" />
      <line nr="63" mi="2" ci="0" mb="0" cb="0" />
      <line nr="64" mi="1" ci="0" mb="0" cb="0" />
      <line nr="68" mi="2" ci="0" mb="0" cb="0" />
      <line nr="69" mi="1" ci="0" mb="0" cb="0" />
      <line nr="70" mi="1" ci="0" mb="0" cb="0" />
      <line nr="72" mi="1" ci="0" mb="0" cb="0" />
      <line nr="73" mi="1" ci="0" mb="0" cb="0" />
      <line nr="75" mi="1" ci="0" mb="0" cb="0" />
      <line nr="76" mi="1" ci="0" mb="0" cb="0" />
      <line nr="78" mi="1" ci="0" mb="0" cb="0" />
      <line nr="79" mi="1" ci="0" mb="0" cb="0" />
      <line nr="81" mi="1" ci="0" mb="0" cb="0" />
      <line nr="82" mi="1" ci="0" mb="0" cb="0" />
      <line nr="86" mi="1" ci="0" mb="0" cb="0" />
      <line nr="87" mi="1" ci="0" mb="0" cb="0" />
      <line nr="91" mi="1" ci="0" mb="0" cb="0" />
      <line nr="92" mi="1" ci="0" mb="0" cb="0" />
      <line nr="94" mi="1" ci="0" mb="0" cb="0" />
      <line nr="95" mi="1" ci="0" mb="0" cb="0" />
      <line nr="98" mi="1" ci="0" mb="0" cb="0" />
      <line nr="105" mi="1" ci="0" mb="0" cb="0" />
      <line nr="107" mi="1" ci="0" mb="0" cb="0" />
      <line nr="108" mi="2" ci="0" mb="0" cb="0" />
      <line nr="111" mi="1" ci="0" mb="0" cb="0" />
      <line nr="112" mi="1" ci="0" mb="0" cb="0" />
      <line nr="115" mi="1" ci="0" mb="0" cb="0" />
      <line nr="116" mi="1" ci="0" mb="0" cb="0" />
      <line nr="119" mi="1" ci="0" mb="0" cb="0" />
      <line nr="120" mi="1" ci="0" mb="0" cb="0" />
      <line nr="122" mi="1" ci="0" mb="0" cb="0" />
      <line nr="129" mi="1" ci="0" mb="0" cb="0" />
      <line nr="131" mi="2" ci="0" mb="0" cb="0" />
      <line nr="132" mi="1" ci="0" mb="0" cb="0" />
      <line nr="135" mi="1" ci="0" mb="0" cb="0" />
      <line nr="136" mi="2" ci="0" mb="0" cb="0" />
      <line nr="137" mi="1" ci="0" mb="0" cb="0" />
      <line nr="140" mi="1" ci="0" mb="0" cb="0" />
      <line nr="141" mi="1" ci="0" mb="0" cb="0" />
      <line nr="151" mi="1" ci="0" mb="0" cb="0" />
      <line nr="154" mi="1" ci="0" mb="0" cb="0" />
      <line nr="157" mi="1" ci="0" mb="0" cb="0" />
      <line nr="158" mi="1" ci="0" mb="0" cb="0" />
      <line nr="160" mi="1" ci="0" mb="0" cb="0" />
      <line nr="161" mi="2" ci="0" mb="0" cb="0" />
      <line nr="162" mi="1" ci="0" mb="0" cb="0" />
      <line nr="163" mi="1" ci="0" mb="0" cb="0" />
      <line nr="167" mi="1" ci="0" mb="0" cb="0" />
      <line nr="168" mi="2" ci="0" mb="0" cb="0" />
      <line nr="169" mi="1" ci="0" mb="0" cb="0" />
      <line nr="170" mi="1" ci="0" mb="0" cb="0" />
      <line nr="174" mi="1" ci="0" mb="0" cb="0" />
      <line nr="175" mi="2" ci="0" mb="0" cb="0" />
      <line nr="176" mi="2" ci="0" mb="0" cb="0" />
      <line nr="177" mi="1" ci="0" mb="0" cb="0" />
      <line nr="178" mi="1" ci="0" mb="0" cb="0" />
      <line nr="186" mi="1" ci="0" mb="0" cb="0" />
      <line nr="188" mi="1" ci="0" mb="0" cb="0" />
      <line nr="189" mi="1" ci="0" mb="0" cb="0" />
      <line nr="190" mi="1" ci="0" mb="0" cb="0" />
      <line nr="193" mi="1" ci="0" mb="0" cb="0" />
      <line nr="195" mi="1" ci="0" mb="0" cb="0" />
      <line nr="196" mi="2" ci="0" mb="0" cb="0" />
      <line nr="197" mi="1" ci="0" mb="0" cb="0" />
      <line nr="201" mi="2" ci="0" mb="0" cb="0" />
      <line nr="208" mi="1" ci="0" mb="0" cb="0" />
      <line nr="209" mi="1" ci="0" mb="0" cb="0" />
      <line nr="210" mi="1" ci="0" mb="0" cb="0" />
      <line nr="211" mi="1" ci="0" mb="0" cb="0" />
      <line nr="212" mi="1" ci="0" mb="0" cb="0" />
      <line nr="214" mi="1" ci="0" mb="0" cb="0" />
      <line nr="215" mi="1" ci="0" mb="0" cb="0" />
      <counter type="INSTRUCTION" missed="109" covered="0" />
      <counter type="LINE" missed="95" covered="0" />
      <counter type="METHOD" missed="7" covered="0" />
      <counter type="CLASS" missed="1" covered="0" />
    </sourcefile>
    <sourcefile name="update-all.ps1">
      <line nr="4" mi="0" ci="1" mb="0" cb="0" />
      <line nr="7" mi="0" ci="1" mb="0" cb="0" />
      <line nr="8" mi="0" ci="1" mb="0" cb="0" />
      <line nr="9" mi="0" ci="1" mb="0" cb="0" />
      <line nr="10" mi="0" ci="1" mb="0" cb="0" />
      <line nr="11" mi="0" ci="1" mb="0" cb="0" />
      <line nr="12" mi="0" ci="1" mb="0" cb="0" />
      <line nr="16" mi="0" ci="2" mb="0" cb="0" />
      <line nr="21" mi="0" ci="1" mb="0" cb="0" />
      <line nr="26" mi="0" ci="1" mb="0" cb="0" />
      <line nr="31" mi="0" ci="1" mb="0" cb="0" />
      <line nr="40" mi="0" ci="1" mb="0" cb="0" />
      <line nr="42" mi="0" ci="1" mb="0" cb="0" />
      <line nr="45" mi="0" ci="1" mb="0" cb="0" />
      <line nr="46" mi="0" ci="1" mb="0" cb="0" />
      <line nr="47" mi="0" ci="1" mb="0" cb="0" />
      <line nr="50" mi="0" ci="1" mb="0" cb="0" />
      <line nr="51" mi="0" ci="1" mb="0" cb="0" />
      <line nr="52" mi="0" ci="1" mb="0" cb="0" />
      <line nr="55" mi="0" ci="1" mb="0" cb="0" />
      <line nr="56" mi="1" ci="0" mb="0" cb="0" />
      <line nr="57" mi="1" ci="0" mb="0" cb="0" />
      <line nr="60" mi="0" ci="1" mb="0" cb="0" />
      <line nr="61" mi="0" ci="1" mb="0" cb="0" />
      <line nr="62" mi="0" ci="1" mb="0" cb="0" />
      <line nr="65" mi="0" ci="1" mb="0" cb="0" />
      <line nr="66" mi="0" ci="1" mb="0" cb="0" />
      <line nr="67" mi="0" ci="1" mb="0" cb="0" />
      <line nr="70" mi="0" ci="1" mb="0" cb="0" />
      <line nr="71" mi="0" ci="1" mb="0" cb="0" />
      <line nr="72" mi="0" ci="1" mb="0" cb="0" />
      <line nr="75" mi="0" ci="1" mb="0" cb="0" />
      <line nr="76" mi="0" ci="1" mb="0" cb="0" />
      <line nr="77" mi="0" ci="1" mb="0" cb="0" />
      <line nr="80" mi="0" ci="1" mb="0" cb="0" />
      <line nr="81" mi="0" ci="1" mb="0" cb="0" />
      <line nr="82" mi="0" ci="1" mb="0" cb="0" />
      <line nr="85" mi="0" ci="1" mb="0" cb="0" />
      <line nr="86" mi="1" ci="0" mb="0" cb="0" />
      <line nr="87" mi="1" ci="0" mb="0" cb="0" />
      <line nr="90" mi="0" ci="1" mb="0" cb="0" />
      <line nr="91" mi="1" ci="0" mb="0" cb="0" />
      <line nr="92" mi="1" ci="0" mb="0" cb="0" />
      <line nr="93" mi="1" ci="0" mb="0" cb="0" />
      <line nr="96" mi="0" ci="1" mb="0" cb="0" />
      <line nr="108" mi="0" ci="2" mb="0" cb="0" />
      <line nr="110" mi="0" ci="1" mb="0" cb="0" />
      <line nr="112" mi="0" ci="1" mb="0" cb="0" />
      <line nr="113" mi="0" ci="1" mb="0" cb="0" />
      <line nr="114" mi="0" ci="1" mb="0" cb="0" />
      <line nr="115" mi="0" ci="1" mb="0" cb="0" />
      <line nr="116" mi="0" ci="1" mb="0" cb="0" />
      <line nr="119" mi="0" ci="1" mb="0" cb="0" />
      <line nr="120" mi="0" ci="1" mb="0" cb="0" />
      <line nr="122" mi="0" ci="1" mb="0" cb="0" />
      <line nr="123" mi="0" ci="1" mb="0" cb="0" />
      <line nr="130" mi="0" ci="1" mb="0" cb="0" />
      <line nr="131" mi="0" ci="1" mb="0" cb="0" />
      <line nr="133" mi="0" ci="1" mb="0" cb="0" />
      <line nr="134" mi="0" ci="1" mb="0" cb="0" />
      <line nr="135" mi="0" ci="1" mb="0" cb="0" />
      <line nr="140" mi="3" ci="0" mb="0" cb="0" />
      <line nr="142" mi="1" ci="0" mb="0" cb="0" />
      <line nr="144" mi="6" ci="0" mb="0" cb="0" />
      <line nr="145" mi="1" ci="0" mb="0" cb="0" />
      <line nr="146" mi="1" ci="0" mb="0" cb="0" />
      <line nr="148" mi="1" ci="0" mb="0" cb="0" />
      <line nr="149" mi="1" ci="0" mb="0" cb="0" />
      <line nr="157" mi="0" ci="1" mb="0" cb="0" />
      <line nr="158" mi="0" ci="1" mb="0" cb="0" />
      <line nr="161" mi="0" ci="1" mb="0" cb="0" />
      <line nr="162" mi="0" ci="1" mb="0" cb="0" />
      <line nr="165" mi="0" ci="3" mb="0" cb="0" />
      <line nr="166" mi="0" ci="1" mb="0" cb="0" />
      <line nr="167" mi="0" ci="1" mb="0" cb="0" />
      <line nr="168" mi="1" ci="0" mb="0" cb="0" />
      <line nr="169" mi="1" ci="0" mb="0" cb="0" />
      <line nr="170" mi="1" ci="0" mb="0" cb="0" />
      <line nr="172" mi="1" ci="0" mb="0" cb="0" />
      <line nr="173" mi="1" ci="0" mb="0" cb="0" />
      <line nr="178" mi="0" ci="1" mb="0" cb="0" />
      <line nr="179" mi="6" ci="0" mb="0" cb="0" />
      <line nr="180" mi="1" ci="0" mb="0" cb="0" />
      <line nr="181" mi="1" ci="0" mb="0" cb="0" />
      <line nr="183" mi="0" ci="1" mb="0" cb="0" />
      <line nr="184" mi="0" ci="1" mb="0" cb="0" />
      <line nr="190" mi="0" ci="1" mb="0" cb="0" />
      <line nr="191" mi="0" ci="1" mb="0" cb="0" />
      <line nr="193" mi="1" ci="4" mb="0" cb="0" />
      <line nr="194" mi="2" ci="0" mb="0" cb="0" />
      <line nr="197" mi="0" ci="1" mb="0" cb="0" />
      <line nr="198" mi="1" ci="0" mb="0" cb="0" />
      <line nr="199" mi="1" ci="0" mb="0" cb="0" />
      <line nr="200" mi="1" ci="0" mb="0" cb="0" />
      <line nr="202" mi="1" ci="0" mb="0" cb="0" />
      <line nr="203" mi="1" ci="0" mb="0" cb="0" />
      <line nr="208" mi="0" ci="1" mb="0" cb="0" />
      <line nr="209" mi="6" ci="0" mb="0" cb="0" />
      <line nr="210" mi="1" ci="0" mb="0" cb="0" />
      <line nr="211" mi="1" ci="0" mb="0" cb="0" />
      <line nr="213" mi="0" ci="1" mb="0" cb="0" />
      <line nr="214" mi="0" ci="1" mb="0" cb="0" />
      <line nr="220" mi="1" ci="0" mb="0" cb="0" />
      <line nr="221" mi="1" ci="0" mb="0" cb="0" />
      <line nr="222" mi="1" ci="0" mb="0" cb="0" />
      <line nr="224" mi="1" ci="0" mb="0" cb="0" />
      <line nr="225" mi="1" ci="0" mb="0" cb="0" />
      <line nr="226" mi="1" ci="0" mb="0" cb="0" />
      <line nr="227" mi="1" ci="0" mb="0" cb="0" />
      <line nr="230" mi="1" ci="0" mb="0" cb="0" />
      <line nr="233" mi="1" ci="0" mb="0" cb="0" />
      <line nr="234" mi="1" ci="0" mb="0" cb="0" />
      <line nr="236" mi="1" ci="0" mb="0" cb="0" />
      <line nr="237" mi="1" ci="0" mb="0" cb="0" />
      <line nr="238" mi="1" ci="0" mb="0" cb="0" />
      <line nr="240" mi="3" ci="0" mb="0" cb="0" />
      <line nr="241" mi="1" ci="0" mb="0" cb="0" />
      <line nr="243" mi="1" ci="0" mb="0" cb="0" />
      <line nr="244" mi="1" ci="0" mb="0" cb="0" />
      <line nr="245" mi="1" ci="0" mb="0" cb="0" />
      <line nr="249" mi="1" ci="0" mb="0" cb="0" />
      <line nr="251" mi="1" ci="0" mb="0" cb="0" />
      <line nr="252" mi="1" ci="0" mb="0" cb="0" />
      <line nr="256" mi="1" ci="0" mb="0" cb="0" />
      <line nr="257" mi="1" ci="0" mb="0" cb="0" />
      <line nr="258" mi="1" ci="0" mb="0" cb="0" />
      <line nr="260" mi="1" ci="0" mb="0" cb="0" />
      <line nr="261" mi="1" ci="0" mb="0" cb="0" />
      <line nr="265" mi="1" ci="0" mb="0" cb="0" />
      <line nr="266" mi="1" ci="0" mb="0" cb="0" />
      <line nr="267" mi="1" ci="0" mb="0" cb="0" />
      <line nr="269" mi="1" ci="0" mb="0" cb="0" />
      <line nr="270" mi="1" ci="0" mb="0" cb="0" />
      <line nr="274" mi="1" ci="0" mb="0" cb="0" />
      <line nr="275" mi="1" ci="0" mb="0" cb="0" />
      <line nr="276" mi="1" ci="0" mb="0" cb="0" />
      <line nr="277" mi="1" ci="0" mb="0" cb="0" />
      <line nr="279" mi="1" ci="0" mb="0" cb="0" />
      <line nr="280" mi="1" ci="0" mb="0" cb="0" />
      <line nr="283" mi="1" ci="0" mb="0" cb="0" />
      <line nr="284" mi="1" ci="0" mb="0" cb="0" />
      <line nr="288" mi="1" ci="0" mb="0" cb="0" />
      <line nr="289" mi="1" ci="0" mb="0" cb="0" />
      <line nr="290" mi="1" ci="0" mb="0" cb="0" />
      <line nr="292" mi="1" ci="0" mb="0" cb="0" />
      <line nr="293" mi="1" ci="0" mb="0" cb="0" />
      <line nr="297" mi="1" ci="0" mb="0" cb="0" />
      <line nr="298" mi="1" ci="0" mb="0" cb="0" />
      <line nr="299" mi="1" ci="0" mb="0" cb="0" />
      <line nr="301" mi="1" ci="0" mb="0" cb="0" />
      <line nr="302" mi="1" ci="0" mb="0" cb="0" />
      <line nr="306" mi="1" ci="0" mb="0" cb="0" />
      <line nr="307" mi="1" ci="0" mb="0" cb="0" />
      <line nr="308" mi="1" ci="0" mb="0" cb="0" />
      <line nr="312" mi="1" ci="0" mb="0" cb="0" />
      <line nr="313" mi="1" ci="0" mb="0" cb="0" />
      <line nr="314" mi="1" ci="0" mb="0" cb="0" />
      <line nr="316" mi="1" ci="0" mb="0" cb="0" />
      <line nr="317" mi="1" ci="0" mb="0" cb="0" />
      <line nr="321" mi="1" ci="0" mb="0" cb="0" />
      <line nr="322" mi="1" ci="0" mb="0" cb="0" />
      <line nr="323" mi="1" ci="0" mb="0" cb="0" />
      <line nr="325" mi="1" ci="0" mb="0" cb="0" />
      <line nr="326" mi="1" ci="0" mb="0" cb="0" />
      <line nr="330" mi="1" ci="0" mb="0" cb="0" />
      <line nr="331" mi="1" ci="0" mb="0" cb="0" />
      <line nr="332" mi="1" ci="0" mb="0" cb="0" />
      <line nr="334" mi="1" ci="0" mb="0" cb="0" />
      <line nr="335" mi="1" ci="0" mb="0" cb="0" />
      <line nr="339" mi="1" ci="0" mb="0" cb="0" />
      <line nr="340" mi="1" ci="0" mb="0" cb="0" />
      <line nr="341" mi="1" ci="0" mb="0" cb="0" />
      <line nr="343" mi="1" ci="0" mb="0" cb="0" />
      <line nr="344" mi="1" ci="0" mb="0" cb="0" />
      <line nr="348" mi="1" ci="0" mb="0" cb="0" />
      <line nr="349" mi="1" ci="0" mb="0" cb="0" />
      <line nr="350" mi="1" ci="0" mb="0" cb="0" />
      <line nr="352" mi="1" ci="0" mb="0" cb="0" />
      <line nr="353" mi="1" ci="0" mb="0" cb="0" />
      <line nr="357" mi="2" ci="0" mb="0" cb="0" />
      <line nr="358" mi="1" ci="0" mb="0" cb="0" />
      <line nr="359" mi="1" ci="0" mb="0" cb="0" />
      <line nr="360" mi="1" ci="0" mb="0" cb="0" />
      <line nr="361" mi="1" ci="0" mb="0" cb="0" />
      <line nr="362" mi="1" ci="0" mb="0" cb="0" />
      <line nr="363" mi="1" ci="0" mb="0" cb="0" />
      <line nr="364" mi="1" ci="0" mb="0" cb="0" />
      <line nr="366" mi="2" ci="0" mb="0" cb="0" />
      <line nr="367" mi="1" ci="0" mb="0" cb="0" />
      <line nr="371" mi="0" ci="1" mb="0" cb="0" />
      <line nr="372" mi="1" ci="0" mb="0" cb="0" />
      <counter type="INSTRUCTION" missed="142" covered="79" />
      <counter type="LINE" missed="119" covered="72" />
      <counter type="METHOD" missed="1" covered="10" />
      <counter type="CLASS" missed="0" covered="1" />
    </sourcefile>
    <counter type="INSTRUCTION" missed="251" covered="79" />
    <counter type="LINE" missed="214" covered="72" />
    <counter type="METHOD" missed="8" covered="10" />
    <counter type="CLASS" missed="1" covered="1" />
  </package>
  <package name="dotfiles/bootstrap/lib">
    <class name="dotfiles/bootstrap/lib/common" sourcefilename="bootstrap/lib/common.ps1">
      <method name="&lt;script&gt;" desc="()" line="7">
        <counter type="INSTRUCTION" missed="0" covered="13" />
        <counter type="LINE" missed="0" covered="7" />
        <counter type="METHOD" missed="0" covered="1" />
      </method>
      <method name="Write-Color" desc="()" line="26">
        <counter type="INSTRUCTION" missed="0" covered="1" />
        <counter type="LINE" missed="0" covered="1" />
        <counter type="METHOD" missed="0" covered="1" />
      </method>
      <method name="Write-Info" desc="()" line="34">
        <counter type="INSTRUCTION" missed="0" covered="1" />
        <counter type="LINE" missed="0" covered="1" />
        <counter type="METHOD" missed="0" covered="1" />
      </method>
      <method name="Write-Success" desc="()" line="39">
        <counter type="INSTRUCTION" missed="0" covered="1" />
        <counter type="LINE" missed="0" covered="1" />
        <counter type="METHOD" missed="0" covered="1" />
      </method>
      <method name="Write-Warning" desc="()" line="44">
        <counter type="INSTRUCTION" missed="0" covered="1" />
        <counter type="LINE" missed="0" covered="1" />
        <counter type="METHOD" missed="0" covered="1" />
      </method>
      <method name="Write-Error-Msg" desc="()" line="49">
        <counter type="INSTRUCTION" missed="0" covered="1" />
        <counter type="LINE" missed="0" covered="1" />
        <counter type="METHOD" missed="0" covered="1" />
      </method>
      <method name="Write-Step" desc="()" line="54">
        <counter type="INSTRUCTION" missed="1" covered="0" />
        <counter type="LINE" missed="1" covered="0" />
        <counter type="METHOD" missed="1" covered="0" />
      </method>
      <method name="Write-Header" desc="()" line="59">
        <counter type="INSTRUCTION" missed="2" covered="0" />
        <counter type="LINE" missed="2" covered="0" />
        <counter type="METHOD" missed="1" covered="0" />
      </method>
      <method name="Write-Section" desc="()" line="65">
        <counter type="INSTRUCTION" missed="1" covered="0" />
        <counter type="LINE" missed="1" covered="0" />
        <counter type="METHOD" missed="1" covered="0" />
      </method>
      <method name="Track-Installed" desc="()" line="73">
        <counter type="INSTRUCTION" missed="0" covered="1" />
        <counter type="LINE" missed="0" covered="1" />
        <counter type="METHOD" missed="0" covered="1" />
      </method>
      <method name="Track-Skipped" desc="()" line="78">
        <counter type="INSTRUCTION" missed="0" covered="1" />
        <counter type="LINE" missed="0" covered="1" />
        <counter type="METHOD" missed="0" covered="1" />
      </method>
      <method name="Track-Failed" desc="()" line="83">
        <counter type="INSTRUCTION" missed="0" covered="1" />
        <counter type="LINE" missed="0" covered="1" />
        <counter type="METHOD" missed="0" covered="1" />
      </method>
      <method name="Write-Summary" desc="()" line="87">
        <counter type="INSTRUCTION" missed="15" covered="0" />
        <counter type="LINE" missed="12" covered="0" />
        <counter type="METHOD" missed="1" covered="0" />
      </method>
      <method name="Reset-Tracking" desc="()" line="111">
        <counter type="INSTRUCTION" missed="0" covered="3" />
        <counter type="LINE" missed="0" covered="3" />
        <counter type="METHOD" missed="0" covered="1" />
      </method>
      <method name="Test-Command" desc="()" line="123">
        <counter type="INSTRUCTION" missed="1" covered="6" />
        <counter type="LINE" missed="1" covered="6" />
        <counter type="METHOD" missed="0" covered="1" />
      </method>
      <method name="cmd_exists" desc="()" line="140">
        <counter type="INSTRUCTION" missed="1" covered="0" />
        <counter type="LINE" missed="1" covered="0" />
        <counter type="METHOD" missed="1" covered="0" />
      </method>
      <method name="Get-OSPlatform" desc="()" line="147">
        <counter type="INSTRUCTION" missed="5" covered="3" />
        <counter type="LINE" missed="5" covered="2" />
        <counter type="METHOD" missed="0" covered="1" />
      </method>
      <method name="Get-WindowsVersion" desc="()" line="160">
        <counter type="INSTRUCTION" missed="1" covered="0" />
        <counter type="LINE" missed="1" covered="0" />
        <counter type="METHOD" missed="1" covered="0" />
      </method>
      <method name="Read-Confirmation" desc="()" line="172">
        <counter type="INSTRUCTION" missed="16" covered="0" />
        <counter type="LINE" missed="12" covered="0" />
        <counter type="METHOD" missed="1" covered="0" />
      </method>
      <method name="Invoke-CommandSafe" desc="()" line="203">
        <counter type="INSTRUCTION" missed="9" covered="0" />
        <counter type="LINE" missed="9" covered="0" />
        <counter type="METHOD" missed="1" covered="0" />
      </method>
      <method name="Invoke-SafeInstall" desc="()" line="231">
        <counter type="INSTRUCTION" missed="0" covered="6" />
        <counter type="LINE" missed="0" covered="5" />
        <counter type="METHOD" missed="0" covered="1" />
      </method>
      <method name="Add-ToPath" desc="()" line="250">
        <counter type="INSTRUCTION" missed="1" covered="7" />
        <counter type="LINE" missed="0" covered="6" />
        <counter type="METHOD" missed="0" covered="1" />
      </method>
      <method name="Refresh-Path" desc="()" line="262">
        <counter type="INSTRUCTION" missed="3" covered="0" />
        <counter type="LINE" missed="3" covered="0" />
        <counter type="METHOD" missed="1" covered="0" />
      </method>
      <method name="Save-State" desc="()" line="278">
        <counter type="INSTRUCTION" missed="4" covered="0" />
        <counter type="LINE" missed="2" covered="0" />
        <counter type="METHOD" missed="1" covered="0" />
      </method>
      <method name="Get-InstalledState" desc="()" line="285">
        <counter type="INSTRUCTION" missed="7" covered="0" />
        <counter type="LINE" missed="6" covered="0" />
        <counter type="METHOD" missed="1" covered="0" />
      </method>
      <method name="Test-Admin" desc="()" line="299">
        <counter type="INSTRUCTION" missed="4" covered="0" />
        <counter type="LINE" missed="3" covered="0" />
        <counter type="METHOD" missed="1" covered="0" />
      </method>
      <method name="Restart-ShellPrompt" desc="()" line="305">
        <counter type="INSTRUCTION" missed="3" covered="0" />
        <counter type="LINE" missed="3" covered="0" />
        <counter type="METHOD" missed="1" covered="0" />
      </method>
      <counter type="INSTRUCTION" missed="74" covered="46" />
      <counter type="LINE" missed="62" covered="37" />
      <counter type="METHOD" missed="13" covered="14" />
      <counter type="CLASS" missed="0" covered="1" />
    </class>
    <sourcefile name="bootstrap/lib/common.ps1">
      <line nr="7" mi="0" ci="1" mb="0" cb="0" />
      <line nr="8" mi="0" ci="1" mb="0" cb="0" />
      <line nr="9" mi="0" ci="1" mb="0" cb="0" />
      <line nr="12" mi="0" ci="3" mb="0" cb="0" />
      <line nr="13" mi="0" ci="3" mb="0" cb="0" />
      <line nr="14" mi="0" ci="3" mb="0" cb="0" />
      <line nr="26" mi="0" ci="1" mb="0" cb="0" />
      <line nr="34" mi="0" ci="1" mb="0" cb="0" />
      <line nr="39" mi="0" ci="1" mb="0" cb="0" />
      <line nr="44" mi="0" ci="1" mb="0" cb="0" />
      <line nr="49" mi="0" ci="1" mb="0" cb="0" />
      <line nr="54" mi="1" ci="0" mb="0" cb="0" />
      <line nr="59" mi="1" ci="0" mb="0" cb="0" />
      <line nr="60" mi="1" ci="0" mb="0" cb="0" />
      <line nr="65" mi="1" ci="0" mb="0" cb="0" />
      <line nr="73" mi="0" ci="1" mb="0" cb="0" />
      <line nr="78" mi="0" ci="1" mb="0" cb="0" />
      <line nr="83" mi="0" ci="1" mb="0" cb="0" />
      <line nr="87" mi="1" ci="0" mb="0" cb="0" />
      <line nr="89" mi="2" ci="0" mb="0" cb="0" />
      <line nr="90" mi="1" ci="0" mb="0" cb="0" />
      <line nr="91" mi="1" ci="0" mb="0" cb="0" />
      <line nr="94" mi="2" ci="0" mb="0" cb="0" />
      <line nr="95" mi="1" ci="0" mb="0" cb="0" />
      <line nr="96" mi="1" ci="0" mb="0" cb="0" />
      <line nr="99" mi="1" ci="0" mb="0" cb="0" />
      <line nr="100" mi="2" ci="0" mb="0" cb="0" />
      <line nr="101" mi="1" ci="0" mb="0" cb="0" />
      <line nr="102" mi="1" ci="0" mb="0" cb="0" />
      <line nr="106" mi="1" ci="0" mb="0" cb="0" />
      <line nr="111" mi="0" ci="1" mb="0" cb="0" />
      <line nr="112" mi="0" ci="1" mb="0" cb="0" />
      <line nr="113" mi="0" ci="1" mb="0" cb="0" />
      <line nr="123" mi="0" ci="1" mb="0" cb="0" />
      <line nr="124" mi="0" ci="1" mb="0" cb="0" />
      <line nr="125" mi="0" ci="1" mb="0" cb="0" />
      <line nr="129" mi="0" ci="1" mb="0" cb="0" />
      <line nr="130" mi="0" ci="1" mb="0" cb="0" />
      <line nr="131" mi="0" ci="1" mb="0" cb="0" />
      <line nr="134" mi="1" ci="0" mb="0" cb="0" />
      <line nr="140" mi="1" ci="0" mb="0" cb="0" />
      <line nr="147" mi="0" ci="2" mb="0" cb="0" />
      <line nr="148" mi="0" ci="1" mb="0" cb="0" />
      <line nr="150" mi="1" ci="0" mb="0" cb="0" />
      <line nr="151" mi="1" ci="0" mb="0" cb="0" />
      <line nr="153" mi="1" ci="0" mb="0" cb="0" />
      <line nr="154" mi="1" ci="0" mb="0" cb="0" />
      <line nr="156" mi="1" ci="0" mb="0" cb="0" />
      <line nr="160" mi="1" ci="0" mb="0" cb="0" />
      <line nr="172" mi="1" ci="0" mb="0" cb="0" />
      <line nr="173" mi="1" ci="0" mb="0" cb="0" />
      <line nr="176" mi="3" ci="0" mb="0" cb="0" />
      <line nr="178" mi="1" ci="0" mb="0" cb="0" />
      <line nr="179" mi="1" ci="0" mb="0" cb="0" />
      <line nr="180" mi="1" ci="0" mb="0" cb="0" />
      <line nr="182" mi="1" ci="0" mb="0" cb="0" />
      <line nr="183" mi="1" ci="0" mb="0" cb="0" />
      <line nr="186" mi="1" ci="0" mb="0" cb="0" />
      <line nr="187" mi="2" ci="0" mb="0" cb="0" />
      <line nr="188" mi="2" ci="0" mb="0" cb="0" />
      <line nr="189" mi="1" ci="0" mb="0" cb="0" />
      <line nr="203" mi="1" ci="0" mb="0" cb="0" />
      <line nr="204" mi="1" ci="0" mb="0" cb="0" />
      <line nr="205" mi="1" ci="0" mb="0" cb="0" />
      <line nr="209" mi="1" ci="0" mb="0" cb="0" />
      <line nr="210" mi="1" ci="0" mb="0" cb="0" />
      <line nr="213" mi="1" ci="0" mb="0" cb="0" />
      <line nr="215" mi="1" ci="0" mb="0" cb="0" />
      <line nr="218" mi="1" ci="0" mb="0" cb="0" />
      <line nr="219" mi="1" ci="0" mb="0" cb="0" />
      <line nr="231" mi="0" ci="1" mb="0" cb="0" />
      <line nr="232" mi="0" ci="1" mb="0" cb="0" />
      <line nr="235" mi="0" ci="2" mb="0" cb="0" />
      <line nr="236" mi="0" ci="1" mb="0" cb="0" />
      <line nr="237" mi="0" ci="1" mb="0" cb="0" />
      <line nr="250" mi="1" ci="2" mb="0" cb="0" />
      <line nr="251" mi="0" ci="1" mb="0" cb="0" />
      <line nr="253" mi="0" ci="1" mb="0" cb="0" />
      <line nr="254" mi="0" ci="1" mb="0" cb="0" />
      <line nr="255" mi="0" ci="1" mb="0" cb="0" />
      <line nr="256" mi="0" ci="1" mb="0" cb="0" />
      <line nr="262" mi="1" ci="0" mb="0" cb="0" />
      <line nr="263" mi="1" ci="0" mb="0" cb="0" />
      <line nr="264" mi="1" ci="0" mb="0" cb="0" />
      <line nr="270" mi="0" ci="1" mb="0" cb="0" />
      <line nr="278" mi="2" ci="0" mb="0" cb="0" />
      <line nr="279" mi="2" ci="0" mb="0" cb="0" />
      <line nr="285" mi="1" ci="0" mb="0" cb="0" />
      <line nr="286" mi="1" ci="0" mb="0" cb="0" />
      <line nr="287" mi="1" ci="0" mb="0" cb="0" />
      <line nr="288" mi="1" ci="0" mb="0" cb="0" />
      <line nr="289" mi="2" ci="0" mb="0" cb="0" />
      <line nr="292" mi="1" ci="0" mb="0" cb="0" />
      <line nr="299" mi="1" ci="0" mb="0" cb="0" />
      <line nr="300" mi="2" ci="0" mb="0" cb="0" />
      <line nr="301" mi="1" ci="0" mb="0" cb="0" />
      <line nr="305" mi="1" ci="0" mb="0" cb="0" />
      <line nr="306" mi="1" ci="0" mb="0" cb="0" />
      <line nr="307" mi="1" ci="0" mb="0" cb="0" />
      <counter type="INSTRUCTION" missed="74" covered="46" />
      <counter type="LINE" missed="62" covered="37" />
      <counter type="METHOD" missed="13" covered="14" />
      <counter type="CLASS" missed="0" covered="1" />
    </sourcefile>
    <counter type="INSTRUCTION" missed="74" covered="46" />
    <counter type="LINE" missed="62" covered="37" />
    <counter type="METHOD" missed="13" covered="14" />
    <counter type="CLASS" missed="0" covered="1" />
  </package>
  <package name="dotfiles/hooks/git">
    <class name="dotfiles/hooks/git/commit-msg" sourcefilename="hooks/git/commit-msg.ps1">
      <method name="&lt;script&gt;" desc="()" line="4">
        <counter type="INSTRUCTION" missed="0" covered="29" />
        <counter type="LINE" missed="0" covered="27" />
        <counter type="METHOD" missed="0" covered="1" />
      </method>
      <counter type="INSTRUCTION" missed="0" covered="29" />
      <counter type="LINE" missed="0" covered="27" />
      <counter type="METHOD" missed="0" covered="1" />
      <counter type="CLASS" missed="0" covered="1" />
    </class>
    <class name="dotfiles/hooks/git/pre-commit" sourcefilename="hooks/git/pre-commit.ps1">
      <method name="&lt;script&gt;" desc="()" line="5">
        <counter type="INSTRUCTION" missed="41" covered="0" />
        <counter type="LINE" missed="41" covered="0" />
        <counter type="METHOD" missed="1" covered="0" />
      </method>
      <method name="Get-ProjectTypes" desc="()" line="31">
        <counter type="INSTRUCTION" missed="42" covered="0" />
        <counter type="LINE" missed="20" covered="0" />
        <counter type="METHOD" missed="1" covered="0" />
      </method>
      <method name="Invoke-GoChecks" desc="()" line="72">
        <counter type="INSTRUCTION" missed="18" covered="0" />
        <counter type="LINE" missed="14" covered="0" />
        <counter type="METHOD" missed="1" covered="0" />
      </method>
      <method name="Invoke-RustChecks" desc="()" line="99">
        <counter type="INSTRUCTION" missed="17" covered="0" />
        <counter type="LINE" missed="14" covered="0" />
        <counter type="METHOD" missed="1" covered="0" />
      </method>
      <method name="Invoke-CChecks" desc="()" line="125">
        <counter type="INSTRUCTION" missed="22" covered="0" />
        <counter type="LINE" missed="16" covered="0" />
        <counter type="METHOD" missed="1" covered="0" />
      </method>
      <method name="Invoke-NodeChecks" desc="()" line="157">
        <counter type="INSTRUCTION" missed="39" covered="0" />
        <counter type="LINE" missed="28" covered="0" />
        <counter type="METHOD" missed="1" covered="0" />
      </method>
      <method name="Invoke-PythonChecks" desc="()" line="205">
        <counter type="INSTRUCTION" missed="33" covered="0" />
        <counter type="LINE" missed="31" covered="0" />
        <counter type="METHOD" missed="1" covered="0" />
      </method>
      <method name="Invoke-CSharpChecks" desc="()" line="259">
        <counter type="INSTRUCTION" missed="23" covered="0" />
        <counter type="LINE" missed="17" covered="0" />
        <counter type="METHOD" missed="1" covered="0" />
      </method>
      <method name="Invoke-JavaChecks" desc="()" line="291">
        <counter type="INSTRUCTION" missed="19" covered="0" />
        <counter type="LINE" missed="15" covered="0" />
        <counter type="METHOD" missed="1" covered="0" />
      </method>
      <method name="Invoke-ScalaChecks" desc="()" line="321">
        <counter type="INSTRUCTION" missed="9" covered="0" />
        <counter type="LINE" missed="7" covered="0" />
        <counter type="METHOD" missed="1" covered="0" />
      </method>
      <method name="Invoke-PhpChecks" desc="()" line="336">
        <counter type="INSTRUCTION" missed="22" covered="0" />
        <counter type="LINE" missed="21" covered="0" />
        <counter type="METHOD" missed="1" covered="0" />
      </method>
      <counter type="INSTRUCTION" missed="285" covered="0" />
      <counter type="LINE" missed="224" covered="0" />
      <counter type="METHOD" missed="11" covered="0" />
      <counter type="CLASS" missed="1" covered="0" />
    </class>
    <sourcefile name="hooks/git/commit-msg.ps1">
      <line nr="4" mi="0" ci="1" mb="0" cb="0" />
      <line nr="5" mi="0" ci="1" mb="0" cb="0" />
      <line nr="8" mi="0" ci="1" mb="0" cb="0" />
      <line nr="9" mi="0" ci="1" mb="0" cb="0" />
      <line nr="13" mi="0" ci="1" mb="0" cb="0" />
      <line nr="15" mi="0" ci="1" mb="0" cb="0" />
      <line nr="16" mi="0" ci="1" mb="0" cb="0" />
      <line nr="17" mi="0" ci="1" mb="0" cb="0" />
      <line nr="18" mi="0" ci="1" mb="0" cb="0" />
      <line nr="19" mi="0" ci="1" mb="0" cb="0" />
      <line nr="20" mi="0" ci="1" mb="0" cb="0" />
      <line nr="21" mi="0" ci="1" mb="0" cb="0" />
      <line nr="22" mi="0" ci="1" mb="0" cb="0" />
      <line nr="23" mi="0" ci="1" mb="0" cb="0" />
      <line nr="24" mi="0" ci="1" mb="0" cb="0" />
      <line nr="25" mi="0" ci="1" mb="0" cb="0" />
      <line nr="26" mi="0" ci="1" mb="0" cb="0" />
      <line nr="30" mi="0" ci="2" mb="0" cb="0" />
      <line nr="31" mi="0" ci="1" mb="0" cb="0" />
      <line nr="32" mi="0" ci="1" mb="0" cb="0" />
      <line nr="33" mi="0" ci="2" mb="0" cb="0" />
      <line nr="34" mi="0" ci="1" mb="0" cb="0" />
      <line nr="38" mi="0" ci="1" mb="0" cb="0" />
      <line nr="39" mi="0" ci="1" mb="0" cb="0" />
      <line nr="40" mi="0" ci="1" mb="0" cb="0" />
      <line nr="41" mi="0" ci="1" mb="0" cb="0" />
      <line nr="44" mi="0" ci="1" mb="0" cb="0" />
      <counter type="INSTRUCTION" missed="0" covered="29" />
      <counter type="LINE" missed="0" covered="27" />
      <counter type="METHOD" missed="0" covered="1" />
      <counter type="CLASS" missed="0" covered="1" />
    </sourcefile>
    <sourcefile name="hooks/git/pre-commit.ps1">
      <line nr="5" mi="1" ci="0" mb="0" cb="0" />
      <line nr="7" mi="1" ci="0" mb="0" cb="0" />
      <line nr="8" mi="1" ci="0" mb="0" cb="0" />
      <line nr="9" mi="1" ci="0" mb="0" cb="0" />
      <line nr="12" mi="1" ci="0" mb="0" cb="0" />
      <line nr="15" mi="1" ci="0" mb="0" cb="0" />
      <line nr="16" mi="1" ci="0" mb="0" cb="0" />
      <line nr="17" mi="1" ci="0" mb="0" cb="0" />
      <line nr="18" mi="1" ci="0" mb="0" cb="0" />
      <line nr="19" mi="1" ci="0" mb="0" cb="0" />
      <line nr="20" mi="1" ci="0" mb="0" cb="0" />
      <line nr="21" mi="1" ci="0" mb="0" cb="0" />
      <line nr="23" mi="1" ci="0" mb="0" cb="0" />
      <line nr="25" mi="1" ci="0" mb="0" cb="0" />
      <line nr="31" mi="1" ci="0" mb="0" cb="0" />
      <line nr="32" mi="1" ci="0" mb="0" cb="0" />
      <line nr="35" mi="2" ci="0" mb="0" cb="0" />
      <line nr="36" mi="2" ci="0" mb="0" cb="0" />
      <line nr="37" mi="2" ci="0" mb="0" cb="0" />
      <line nr="38" mi="2" ci="0" mb="0" cb="0" />
      <line nr="39" mi="2" ci="0" mb="0" cb="0" />
      <line nr="40" mi="2" ci="0" mb="0" cb="0" />
      <line nr="41" mi="2" ci="0" mb="0" cb="0" />
      <line nr="43" mi="2" ci="0" mb="0" cb="0" />
      <line nr="44" mi="2" ci="0" mb="0" cb="0" />
      <line nr="46" mi="2" ci="0" mb="0" cb="0" />
      <line nr="47" mi="2" ci="0" mb="0" cb="0" />
      <line nr="48" mi="2" ci="0" mb="0" cb="0" />
      <line nr="49" mi="2" ci="0" mb="0" cb="0" />
      <line nr="50" mi="2" ci="0" mb="0" cb="0" />
      <line nr="53" mi="4" ci="0" mb="0" cb="0" />
      <line nr="54" mi="6" ci="0" mb="0" cb="0" />
      <line nr="56" mi="1" ci="0" mb="0" cb="0" />
      <line nr="57" mi="1" ci="0" mb="0" cb="0" />
      <line nr="60" mi="1" ci="0" mb="0" cb="0" />
      <line nr="61" mi="1" ci="0" mb="0" cb="0" />
      <line nr="62" mi="1" ci="0" mb="0" cb="0" />
      <line nr="63" mi="1" ci="0" mb="0" cb="0" />
      <line nr="72" mi="1" ci="0" mb="0" cb="0" />
      <line nr="73" mi="3" ci="0" mb="0" cb="0" />
      <line nr="74" mi="1" ci="0" mb="0" cb="0" />
      <line nr="77" mi="1" ci="0" mb="0" cb="0" />
      <line nr="78" mi="1" ci="0" mb="0" cb="0" />
      <line nr="79" mi="3" ci="0" mb="0" cb="0" />
      <line nr="81" mi="1" ci="0" mb="0" cb="0" />
      <line nr="82" mi="1" ci="0" mb="0" cb="0" />
      <line nr="84" mi="1" ci="0" mb="0" cb="0" />
      <line nr="87" mi="1" ci="0" mb="0" cb="0" />
      <line nr="88" mi="1" ci="0" mb="0" cb="0" />
      <line nr="89" mi="1" ci="0" mb="0" cb="0" />
      <line nr="93" mi="1" ci="0" mb="0" cb="0" />
      <line nr="94" mi="1" ci="0" mb="0" cb="0" />
      <line nr="99" mi="1" ci="0" mb="0" cb="0" />
      <line nr="100" mi="3" ci="0" mb="0" cb="0" />
      <line nr="101" mi="1" ci="0" mb="0" cb="0" />
      <line nr="104" mi="1" ci="0" mb="0" cb="0" />
      <line nr="105" mi="2" ci="0" mb="0" cb="0" />
      <line nr="106" mi="1" ci="0" mb="0" cb="0" />
      <line nr="107" mi="1" ci="0" mb="0" cb="0" />
      <line nr="108" mi="1" ci="0" mb="0" cb="0" />
      <line nr="112" mi="1" ci="0" mb="0" cb="0" />
      <line nr="113" mi="1" ci="0" mb="0" cb="0" />
      <line nr="116" mi="1" ci="0" mb="0" cb="0" />
      <line nr="117" mi="1" ci="0" mb="0" cb="0" />
      <line nr="118" mi="1" ci="0" mb="0" cb="0" />
      <line nr="119" mi="1" ci="0" mb="0" cb="0" />
      <line nr="125" mi="1" ci="0" mb="0" cb="0" />
      <line nr="126" mi="2" ci="0" mb="0" cb="0" />
      <line nr="127" mi="1" ci="0" mb="0" cb="0" />
      <line nr="130" mi="1" ci="0" mb="0" cb="0" />
      <line nr="131" mi="1" ci="0" mb="0" cb="0" />
      <line nr="132" mi="2" ci="0" mb="0" cb="0" />
      <line nr="133" mi="1" ci="0" mb="0" cb="0" />
      <line nr="134" mi="1" ci="0" mb="0" cb="0" />
      <line nr="135" mi="1" ci="0" mb="0" cb="0" />
      <line nr="141" mi="3" ci="0" mb="0" cb="0" />
      <line nr="142" mi="1" ci="0" mb="0" cb="0" />
      <line nr="143" mi="2" ci="0" mb="0" cb="0" />
      <line nr="144" mi="2" ci="0" mb="0" cb="0" />
      <line nr="149" mi="1" ci="0" mb="0" cb="0" />
      <line nr="150" mi="1" ci="0" mb="0" cb="0" />
      <line nr="151" mi="1" ci="0" mb="0" cb="0" />
      <line nr="157" mi="1" ci="0" mb="0" cb="0" />
      <line nr="160" mi="2" ci="0" mb="0" cb="0" />
      <line nr="163" mi="3" ci="0" mb="0" cb="0" />
      <line nr="164" mi="1" ci="0" mb="0" cb="0" />
      <line nr="166" mi="1" ci="0" mb="0" cb="0" />
      <line nr="167" mi="3" ci="0" mb="0" cb="0" />
      <line nr="168" mi="1" ci="0" mb="0" cb="0" />
      <line nr="170" mi="1" ci="0" mb="0" cb="0" />
      <line nr="171" mi="1" ci="0" mb="0" cb="0" />
      <line nr="172" mi="2" ci="0" mb="0" cb="0" />
      <line nr="173" mi="1" ci="0" mb="0" cb="0" />
      <line nr="174" mi="1" ci="0" mb="0" cb="0" />
      <line nr="179" mi="3" ci="0" mb="0" cb="0" />
      <line nr="180" mi="1" ci="0" mb="0" cb="0" />
      <line nr="181" mi="2" ci="0" mb="0" cb="0" />
      <line nr="182" mi="1" ci="0" mb="0" cb="0" />
      <line nr="183" mi="1" ci="0" mb="0" cb="0" />
      <line nr="184" mi="1" ci="0" mb="0" cb="0" />
      <line nr="189" mi="1" ci="0" mb="0" cb="0" />
      <line nr="190" mi="1" ci="0" mb="0" cb="0" />
      <line nr="191" mi="1" ci="0" mb="0" cb="0" />
      <line nr="192" mi="1" ci="0" mb="0" cb="0" />
      <line nr="193" mi="1" ci="0" mb="0" cb="0" />
      <line nr="194" mi="1" ci="0" mb="0" cb="0" />
      <line nr="195" mi="1" ci="0" mb="0" cb="0" />
      <line nr="197" mi="3" ci="0" mb="0" cb="0" />
      <line nr="198" mi="1" ci="0" mb="0" cb="0" />
      <line nr="199" mi="1" ci="0" mb="0" cb="0" />
      <line nr="205" mi="1" ci="0" mb="0" cb="0" />
      <line nr="206" mi="2" ci="0" mb="0" cb="0" />
      <line nr="207" mi="1" ci="0" mb="0" cb="0" />
      <line nr="210" mi="1" ci="0" mb="0" cb="0" />
      <line nr="211" mi="1" ci="0" mb="0" cb="0" />
      <line nr="212" mi="1" ci="0" mb="0" cb="0" />
      <line nr="213" mi="1" ci="0" mb="0" cb="0" />
      <line nr="214" mi="1" ci="0" mb="0" cb="0" />
      <line nr="215" mi="1" ci="0" mb="0" cb="0" />
      <line nr="218" mi="1" ci="0" mb="0" cb="0" />
      <line nr="219" mi="1" ci="0" mb="0" cb="0" />
      <line nr="220" mi="1" ci="0" mb="0" cb="0" />
      <line nr="221" mi="1" ci="0" mb="0" cb="0" />
      <line nr="222" mi="1" ci="0" mb="0" cb="0" />
      <line nr="223" mi="1" ci="0" mb="0" cb="0" />
      <line nr="229" mi="2" ci="0" mb="0" cb="0" />
      <line nr="230" mi="1" ci="0" mb="0" cb="0" />
      <line nr="231" mi="1" ci="0" mb="0" cb="0" />
      <line nr="232" mi="1" ci="0" mb="0" cb="0" />
      <line nr="233" mi="1" ci="0" mb="0" cb="0" />
      <line nr="234" mi="1" ci="0" mb="0" cb="0" />
      <line nr="235" mi="1" ci="0" mb="0" cb="0" />
      <line nr="240" mi="1" ci="0" mb="0" cb="0" />
      <line nr="241" mi="1" ci="0" mb="0" cb="0" />
      <line nr="242" mi="1" ci="0" mb="0" cb="0" />
      <line nr="243" mi="1" ci="0" mb="0" cb="0" />
      <line nr="244" mi="1" ci="0" mb="0" cb="0" />
      <line nr="245" mi="1" ci="0" mb="0" cb="0" />
      <line nr="251" mi="1" ci="0" mb="0" cb="0" />
      <line nr="252" mi="1" ci="0" mb="0" cb="0" />
      <line nr="253" mi="1" ci="0" mb="0" cb="0" />
      <line nr="259" mi="1" ci="0" mb="0" cb="0" />
      <line nr="260" mi="2" ci="0" mb="0" cb="0" />
      <line nr="261" mi="1" ci="0" mb="0" cb="0" />
      <line nr="263" mi="2" ci="0" mb="0" cb="0" />
      <line nr="266" mi="2" ci="0" mb="0" cb="0" />
      <line nr="269" mi="1" ci="0" mb="0" cb="0" />
      <line nr="270" mi="1" ci="0" mb="0" cb="0" />
      <line nr="271" mi="1" ci="0" mb="0" cb="0" />
      <line nr="273" mi="3" ci="0" mb="0" cb="0" />
      <line nr="275" mi="1" ci="0" mb="0" cb="0" />
      <line nr="278" mi="2" ci="0" mb="0" cb="0" />
      <line nr="279" mi="1" ci="0" mb="0" cb="0" />
      <line nr="280" mi="1" ci="0" mb="0" cb="0" />
      <line nr="281" mi="1" ci="0" mb="0" cb="0" />
      <line nr="282" mi="1" ci="0" mb="0" cb="0" />
      <line nr="283" mi="1" ci="0" mb="0" cb="0" />
      <line nr="284" mi="1" ci="0" mb="0" cb="0" />
      <line nr="291" mi="1" ci="0" mb="0" cb="0" />
      <line nr="294" mi="3" ci="0" mb="0" cb="0" />
      <line nr="295" mi="1" ci="0" mb="0" cb="0" />
      <line nr="296" mi="1" ci="0" mb="0" cb="0" />
      <line nr="297" mi="1" ci="0" mb="0" cb="0" />
      <line nr="298" mi="1" ci="0" mb="0" cb="0" />
      <line nr="299" mi="1" ci="0" mb="0" cb="0" />
      <line nr="300" mi="1" ci="0" mb="0" cb="0" />
      <line nr="301" mi="1" ci="0" mb="0" cb="0" />
      <line nr="307" mi="1" ci="0" mb="0" cb="0" />
      <line nr="308" mi="1" ci="0" mb="0" cb="0" />
      <line nr="309" mi="1" ci="0" mb="0" cb="0" />
      <line nr="313" mi="3" ci="0" mb="0" cb="0" />
      <line nr="314" mi="1" ci="0" mb="0" cb="0" />
      <line nr="315" mi="1" ci="0" mb="0" cb="0" />
      <line nr="321" mi="1" ci="0" mb="0" cb="0" />
      <line nr="323" mi="1" ci="0" mb="0" cb="0" />
      <line nr="324" mi="1" ci="0" mb="0" cb="0" />
      <line nr="325" mi="1" ci="0" mb="0" cb="0" />
      <line nr="328" mi="3" ci="0" mb="0" cb="0" />
      <line nr="329" mi="1" ci="0" mb="0" cb="0" />
      <line nr="330" mi="1" ci="0" mb="0" cb="0" />
      <line nr="336" mi="1" ci="0" mb="0" cb="0" />
      <line nr="337" mi="2" ci="0" mb="0" cb="0" />
      <line nr="338" mi="1" ci="0" mb="0" cb="0" />
      <line nr="341" mi="1" ci="0" mb="0" cb="0" />
      <line nr="342" mi="1" ci="0" mb="0" cb="0" />
      <line nr="343" mi="1" ci="0" mb="0" cb="0" />
      <line nr="344" mi="1" ci="0" mb="0" cb="0" />
      <line nr="345" mi="1" ci="0" mb="0" cb="0" />
      <line nr="346" mi="1" ci="0" mb="0" cb="0" />
      <line nr="351" mi="1" ci="0" mb="0" cb="0" />
      <line nr="352" mi="1" ci="0" mb="0" cb="0" />
      <line nr="353" mi="1" ci="0" mb="0" cb="0" />
      <line nr="354" mi="1" ci="0" mb="0" cb="0" />
      <line nr="355" mi="1" ci="0" mb="0" cb="0" />
      <line nr="356" mi="1" ci="0" mb="0" cb="0" />
      <line nr="361" mi="1" ci="0" mb="0" cb="0" />
      <line nr="362" mi="1" ci="0" mb="0" cb="0" />
      <line nr="363" mi="1" ci="0" mb="0" cb="0" />
      <line nr="367" mi="1" ci="0" mb="0" cb="0" />
      <line nr="368" mi="1" ci="0" mb="0" cb="0" />
      <line nr="369" mi="1" ci="0" mb="0" cb="0" />
      <line nr="376" mi="1" ci="0" mb="0" cb="0" />
      <line nr="377" mi="1" ci="0" mb="0" cb="0" />
      <line nr="378" mi="1" ci="0" mb="0" cb="0" />
      <line nr="379" mi="1" ci="0" mb="0" cb="0" />
      <line nr="380" mi="1" ci="0" mb="0" cb="0" />
      <line nr="381" mi="1" ci="0" mb="0" cb="0" />
      <line nr="382" mi="1" ci="0" mb="0" cb="0" />
      <line nr="384" mi="1" ci="0" mb="0" cb="0" />
      <line nr="385" mi="1" ci="0" mb="0" cb="0" />
      <line nr="386" mi="1" ci="0" mb="0" cb="0" />
      <line nr="388" mi="1" ci="0" mb="0" cb="0" />
      <line nr="389" mi="1" ci="0" mb="0" cb="0" />
      <line nr="391" mi="1" ci="0" mb="0" cb="0" />
      <line nr="392" mi="1" ci="0" mb="0" cb="0" />
      <line nr="393" mi="1" ci="0" mb="0" cb="0" />
      <line nr="395" mi="1" ci="0" mb="0" cb="0" />
      <line nr="396" mi="1" ci="0" mb="0" cb="0" />
      <line nr="397" mi="1" ci="0" mb="0" cb="0" />
      <line nr="404" mi="1" ci="0" mb="0" cb="0" />
      <line nr="405" mi="1" ci="0" mb="0" cb="0" />
      <line nr="406" mi="1" ci="0" mb="0" cb="0" />
      <line nr="409" mi="1" ci="0" mb="0" cb="0" />
      <line nr="410" mi="1" ci="0" mb="0" cb="0" />
      <counter type="INSTRUCTION" missed="285" covered="0" />
      <counter type="LINE" missed="224" covered="0" />
      <counter type="METHOD" missed="11" covered="0" />
      <counter type="CLASS" missed="1" covered="0" />
    </sourcefile>
    <counter type="INSTRUCTION" missed="285" covered="29" />
    <counter type="LINE" missed="224" covered="27" />
    <counter type="METHOD" missed="11" covered="1" />
    <counter type="CLASS" missed="1" covered="1" />
  </package>
  <counter type="INSTRUCTION" missed="610" covered="154" />
  <counter type="LINE" missed="500" covered="136" />
  <counter type="METHOD" missed="32" covered="25" />
  <counter type="CLASS" missed="2" covered="3" />
</report>
