<?xml version="1.0" encoding="utf-8" standalone="no"?>
<test-results xmlns:xsi="http://www.w3.org/2001/XMLSchema-instance" xsi:noNamespaceSchemaLocation="nunit_schema_2.5.xsd" name="Pester" total="994" errors="0" failures="79" not-run="0" inconclusive="0" ignored="0" skipped="0" invalid="0" date="2026-01-02" time="22:48:54">
  <environment machine-name="SAVAKA-STATION" user-domain="SAVAKA-STATION" user="lavantien" platform="Microsoft Windows 11 Education|C:\WINDOWS|\Device\Harddisk0\Partition3" clr-version="9.0.10" cwd="C:\Users\lavantien\dev\github\dotfiles" nunit-version="2.5.8.0" os-version="10.0.26200" />
  <culture-info current-culture="en-US" current-uiculture="en-US" />
  <test-suite type="TestFixture" name="Pester" executed="True" result="Failure" success="False" time="170.9173" asserts="0" description="Pester">
    <results>
      <test-suite type="TestFixture" name="C:\Users\lavantien\dev\github\dotfiles\tests\powershell\bootstrap-integration.Tests.ps1" executed="True" result="Success" success="True" time="2.0914" asserts="0" description="C:\Users\lavantien\dev\github\dotfiles\tests\powershell\bootstrap-integration.Tests.ps1">
        <results>
          <test-suite type="TestFixture" name="Bootstrap Integration - Platform Detection" executed="True" result="Success" success="True" time="1.6693" asserts="0" description="Bootstrap Integration - Platform Detection">
            <results>
              <test-suite type="TestFixture" name="Bootstrap Integration - Platform Detection.Windows Bootstrap Invocation" executed="True" result="Success" success="True" time="1.3762" asserts="0" description="Bootstrap Integration - Platform Detection.Windows Bootstrap Invocation">
                <results>
                  <test-case description="When Windows bootstrap exists, wrapper invokes it (not bash)" name="Bootstrap Integration - Platform Detection.Windows Bootstrap Invocation.When Windows bootstrap exists, wrapper invokes it (not bash)" time="0.18" asserts="0" success="True" result="Success" executed="True" />
                  <test-case description="When Windows bootstrap is missing, wrapper falls back to bash" name="Bootstrap Integration - Platform Detection.Windows Bootstrap Invocation.When Windows bootstrap is missing, wrapper falls back to bash" time="1.1673" asserts="0" success="True" result="Success" executed="True" />
                </results>
              </test-suite>
              <test-suite type="TestFixture" name="Bootstrap Integration - Platform Detection.Parameter Passing to Windows Bootstrap" executed="True" result="Success" success="True" time="1.5703" asserts="0" description="Bootstrap Integration - Platform Detection.Parameter Passing to Windows Bootstrap">
                <results>
                  <test-case description="Passes -Y switch correctly to Windows bootstrap" name="Bootstrap Integration - Platform Detection.Parameter Passing to Windows Bootstrap.Passes -Y switch correctly to Windows bootstrap" time="0.0804" asserts="0" success="True" result="Success" executed="True" />
                  <test-case description="Passes -DryRun switch correctly to Windows bootstrap" name="Bootstrap Integration - Platform Detection.Parameter Passing to Windows Bootstrap.Passes -DryRun switch correctly to Windows bootstrap" time="0.0501" asserts="0" success="True" result="Success" executed="True" />
                  <test-case description="Passes -Categories parameter correctly to Windows bootstrap" name="Bootstrap Integration - Platform Detection.Parameter Passing to Windows Bootstrap.Passes -Categories parameter correctly to Windows bootstrap" time="0.0581" asserts="0" success="True" result="Success" executed="True" />
                </results>
              </test-suite>
              <test-suite type="TestFixture" name="Bootstrap Integration - Platform Detection.Native Windows Verification - Bash as Single Source of Truth" executed="True" result="Success" success="True" time="1.6546" asserts="0" description="Bootstrap Integration - Platform Detection.Native Windows Verification - Bash as Single Source of Truth">
                <results>
                  <test-case description="update-all.sh has Windows detection function" name="Bootstrap Integration - Platform Detection.Native Windows Verification - Bash as Single Source of Truth.update-all.sh has Windows detection function" time="0.0123" asserts="0" success="True" result="Success" executed="True" />
                  <test-case description="update-all.sh skips Linux package managers on Windows (apt, dnf, pacman, zypper)" name="Bootstrap Integration - Platform Detection.Native Windows Verification - Bash as Single Source of Truth.update-all.sh skips Linux package managers on Windows (apt, dnf, pacman, zypper)" time="0.0302" asserts="0" success="True" result="Success" executed="True" />
                  <test-case description="update-all.sh preserves cross-platform package managers (npm, cargo, pip, etc.)" name="Bootstrap Integration - Platform Detection.Native Windows Verification - Bash as Single Source of Truth.update-all.sh preserves cross-platform package managers (npm, cargo, pip, etc.)" time="0.0182" asserts="0" success="True" result="Success" executed="True" />
                  <test-case description="Windows bootstrap calls update-all.ps1 wrapper (which calls bash script)" name="Bootstrap Integration - Platform Detection.Native Windows Verification - Bash as Single Source of Truth.Windows bootstrap calls update-all.ps1 wrapper (which calls bash script)" time="0.0099" asserts="0" success="True" result="Success" executed="True" />
                  <test-case description="update-all.ps1 wrapper does not block Windows execution" name="Bootstrap Integration - Platform Detection.Native Windows Verification - Bash as Single Source of Truth.update-all.ps1 wrapper does not block Windows execution" time="0.006" asserts="0" success="True" result="Success" executed="True" />
                </results>
              </test-suite>
            </results>
          </test-suite>
        </results>
      </test-suite>
      <test-suite type="TestFixture" name="C:\Users\lavantien\dev\github\dotfiles\tests\powershell\bootstrap-wrapper.Tests.ps1" executed="True" result="Success" success="True" time="0.2439" asserts="0" description="C:\Users\lavantien\dev\github\dotfiles\tests\powershell\bootstrap-wrapper.Tests.ps1">
        <results>
          <test-suite type="TestFixture" name="bootstrap.ps1 wrapper script" executed="True" result="Success" success="True" time="0.0252" asserts="0" description="bootstrap.ps1 wrapper script">
            <results>
              <test-case description="Script file exists" name="bootstrap.ps1 wrapper script.Script file exists" time="0.0061" asserts="0" success="True" result="Success" executed="True" />
              <test-case description="Contains ErrorActionPreference Stop" name="bootstrap.ps1 wrapper script.Contains ErrorActionPreference Stop" time="0.0095" asserts="0" success="True" result="Success" executed="True" />
              <test-case description="References Windows bootstrap path" name="bootstrap.ps1 wrapper script.References Windows bootstrap path" time="0.0046" asserts="0" success="True" result="Success" executed="True" />
            </results>
          </test-suite>
          <test-suite type="TestFixture" name="Parameter mapping for Windows bootstrap" executed="True" result="Success" success="True" time="0.0601" asserts="0" description="Parameter mapping for Windows bootstrap">
            <results>
              <test-case description="Maps -y to Y parameter" name="Parameter mapping for Windows bootstrap.Maps -y to Y parameter" time="0.0067" asserts="0" success="True" result="Success" executed="True" />
              <test-case description="Maps -DryRun to DryRun parameter" name="Parameter mapping for Windows bootstrap.Maps -DryRun to DryRun parameter" time="0.0046" asserts="0" success="True" result="Success" executed="True" />
              <test-case description="Maps -Categories to Categories parameter" name="Parameter mapping for Windows bootstrap.Maps -Categories to Categories parameter" time="0.0048" asserts="0" success="True" result="Success" executed="True" />
              <test-case description="Maps -SkipUpdate to SkipUpdate parameter" name="Parameter mapping for Windows bootstrap.Maps -SkipUpdate to SkipUpdate parameter" time="0.0048" asserts="0" success="True" result="Success" executed="True" />
              <test-case description="Handles -h/--help for showing help" name="Parameter mapping for Windows bootstrap.Handles -h/--help for showing help" time="0.0087" asserts="0" success="True" result="Success" executed="True" />
            </results>
          </test-suite>
          <test-suite type="TestFixture" name="Parameter mapping for bash bootstrap" executed="True" result="Success" success="True" time="0.0874" asserts="0" description="Parameter mapping for bash bootstrap">
            <results>
              <test-case description="Maps -y to --yes for bash" name="Parameter mapping for bash bootstrap.Maps -y to --yes for bash" time="0.0061" asserts="0" success="True" result="Success" executed="True" />
              <test-case description="Maps -DryRun to --dry-run for bash" name="Parameter mapping for bash bootstrap.Maps -DryRun to --dry-run for bash" time="0.0048" asserts="0" success="True" result="Success" executed="True" />
              <test-case description="Maps -Categories to --categories for bash" name="Parameter mapping for bash bootstrap.Maps -Categories to --categories for bash" time="0.0054" asserts="0" success="True" result="Success" executed="True" />
              <test-case description="Maps -SkipUpdate to --skip-update for bash" name="Parameter mapping for bash bootstrap.Maps -SkipUpdate to --skip-update for bash" time="0.0055" asserts="0" success="True" result="Success" executed="True" />
            </results>
          </test-suite>
          <test-suite type="TestFixture" name="Fallback to bash script" executed="True" result="Success" success="True" time="0.1259" asserts="0" description="Fallback to bash script">
            <results>
              <test-case description="Checks for bash availability" name="Fallback to bash script.Checks for bash availability" time="0.0129" asserts="0" success="True" result="Success" executed="True" />
              <test-case description="Shows error message if bash not found" name="Fallback to bash script.Shows error message if bash not found" time="0.0068" asserts="0" success="True" result="Success" executed="True" />
              <test-case description="References bootstrap.sh" name="Fallback to bash script.References bootstrap.sh" time="0.0063" asserts="0" success="True" result="Success" executed="True" />
              <test-case description="Uses login shell (-l) for bash" name="Fallback to bash script.Uses login shell (-l) for bash" time="0.006" asserts="0" success="True" result="Success" executed="True" />
            </results>
          </test-suite>
          <test-suite type="TestFixture" name="Location management" executed="True" result="Success" success="True" time="0.1559" asserts="0" description="Location management">
            <results>
              <test-case description="Uses try/finally for location restoration" name="Location management.Uses try/finally for location restoration" time="0.0094" asserts="0" success="True" result="Success" executed="True" />
              <test-case description="Changes to script directory before invoking bootstrap" name="Location management.Changes to script directory before invoking bootstrap" time="0.0097" asserts="0" success="True" result="Success" executed="True" />
            </results>
          </test-suite>
          <test-suite type="TestFixture" name="Exit code handling" executed="True" result="Success" success="True" time="0.1819" asserts="0" description="Exit code handling">
            <results>
              <test-case description="Returns LASTEXITCODE from Windows bootstrap" name="Exit code handling.Returns LASTEXITCODE from Windows bootstrap" time="0.0134" asserts="0" success="True" result="Success" executed="True" />
              <test-case description="Returns exit code from bash script" name="Exit code handling.Returns exit code from bash script" time="0.0061" asserts="0" success="True" result="Success" executed="True" />
            </results>
          </test-suite>
        </results>
      </test-suite>
      <test-suite type="TestFixture" name="C:\Users\lavantien\dev\github\dotfiles\tests\powershell\bootstrap.Tests.ps1" executed="True" result="Success" success="True" time="6.8965" asserts="0" description="C:\Users\lavantien\dev\github\dotfiles\tests\powershell\bootstrap.Tests.ps1">
        <results>
          <test-suite type="TestFixture" name="Bootstrap Common Functions" executed="True" result="Success" success="True" time="1.7623" asserts="0" description="Bootstrap Common Functions">
            <results>
              <test-suite type="TestFixture" name="Bootstrap Common Functions.Logging Functions" executed="True" result="Success" success="True" time="0.0439" asserts="0" description="Bootstrap Common Functions.Logging Functions">
                <results>
                  <test-case description="Write-Info outputs info message" name="Bootstrap Common Functions.Logging Functions.Write-Info outputs info message" time="0.0087" asserts="0" success="True" result="Success" executed="True" />
                  <test-case description="Write-Success outputs success message" name="Bootstrap Common Functions.Logging Functions.Write-Success outputs success message" time="0.0042" asserts="0" success="True" result="Success" executed="True" />
                  <test-case description="Write-Warning outputs warning message" name="Bootstrap Common Functions.Logging Functions.Write-Warning outputs warning message" time="0.0059" asserts="0" success="True" result="Success" executed="True" />
                  <test-case description="Write-Error-Msg outputs error message" name="Bootstrap Common Functions.Logging Functions.Write-Error-Msg outputs error message" time="0.0188" asserts="0" success="True" result="Success" executed="True" />
                </results>
              </test-suite>
              <test-suite type="TestFixture" name="Bootstrap Common Functions.Command Existence" executed="True" result="Success" success="True" time="0.2236" asserts="0" description="Bootstrap Common Functions.Command Existence">
                <results>
                  <test-case description="Test-Command returns true for existing commands" name="Bootstrap Common Functions.Command Existence.Test-Command returns true for existing commands" time="0.0111" asserts="0" success="True" result="Success" executed="True" />
                  <test-case description="Test-Command returns false for non-existent commands" name="Bootstrap Common Functions.Command Existence.Test-Command returns false for non-existent commands" time="0.1636" asserts="0" success="True" result="Success" executed="True" />
                </results>
              </test-suite>
              <test-suite type="TestFixture" name="Bootstrap Common Functions.Install Functions" executed="True" result="Success" success="True" time="0.2414" asserts="0" description="Bootstrap Common Functions.Install Functions">
                <results>
                  <test-case description="Invoke-SafeInstall returns result from script block" name="Bootstrap Common Functions.Install Functions.Invoke-SafeInstall returns result from script block" time="0.0062" asserts="0" success="True" result="Success" executed="True" />
                  <test-case description="Invoke-SafeInstall handles failures gracefully" name="Bootstrap Common Functions.Install Functions.Invoke-SafeInstall handles failures gracefully" time="0.0068" asserts="0" success="True" result="Success" executed="True" />
                </results>
              </test-suite>
              <test-suite type="TestFixture" name="Bootstrap Common Functions.Path Management" executed="True" result="Success" success="True" time="1.7497" asserts="0" description="Bootstrap Common Functions.Path Management">
                <results>
                  <test-case description="Add-ToPath adds new path to PATH" name="Bootstrap Common Functions.Path Management.Add-ToPath adds new path to PATH" time="1.5031" asserts="0" success="True" result="Success" executed="True" />
                </results>
              </test-suite>
              <test-suite type="TestFixture" name="Bootstrap Common Functions.Platform Detection" executed="True" result="Success" success="True" time="1.7575" asserts="0" description="Bootstrap Common Functions.Platform Detection">
                <results>
                  <test-case description="Get-OSPlatform returns a known platform" name="Bootstrap Common Functions.Platform Detection.Get-OSPlatform returns a known platform" time="0.0037" asserts="0" success="True" result="Success" executed="True" />
                </results>
              </test-suite>
            </results>
          </test-suite>
          <test-suite type="TestFixture" name="Bootstrap Tracking Functions" executed="True" result="Success" success="True" time="1.7846" asserts="0" description="Bootstrap Tracking Functions">
            <results>
              <test-case description="Track-Installed adds to installed list" name="Bootstrap Tracking Functions.Track-Installed adds to installed list" time="0.0058" asserts="0" success="True" result="Success" executed="True" />
              <test-case description="Track-Installed adds description when provided" name="Bootstrap Tracking Functions.Track-Installed adds description when provided" time="0.0028" asserts="0" success="True" result="Success" executed="True" />
              <test-case description="Track-Skipped adds to skipped list" name="Bootstrap Tracking Functions.Track-Skipped adds to skipped list" time="0.0029" asserts="0" success="True" result="Success" executed="True" />
              <test-case description="Track-Skipped adds description when provided" name="Bootstrap Tracking Functions.Track-Skipped adds description when provided" time="0.0022" asserts="0" success="True" result="Success" executed="True" />
              <test-case description="Track-Failed adds to failed list" name="Bootstrap Tracking Functions.Track-Failed adds to failed list" time="0.0023" asserts="0" success="True" result="Success" executed="True" />
              <test-case description="Track-Failed adds description when provided" name="Bootstrap Tracking Functions.Track-Failed adds description when provided" time="0.002" asserts="0" success="True" result="Success" executed="True" />
            </results>
          </test-suite>
          <test-suite type="TestFixture" name="Bootstrap Error Handling" executed="True" result="Success" success="True" time="6.1331" asserts="0" description="Bootstrap Error Handling">
            <results>
              <test-suite type="TestFixture" name="Bootstrap Error Handling.Invoke-SafeInstall Error Scenarios" executed="True" result="Success" success="True" time="0.0336" asserts="0" description="Bootstrap Error Handling.Invoke-SafeInstall Error Scenarios">
                <results>
                  <test-case description="Invoke-SafeInstall handles command not found" name="Bootstrap Error Handling.Invoke-SafeInstall Error Scenarios.Invoke-SafeInstall handles command not found" time="0.0052" asserts="0" success="True" result="Success" executed="True" />
                  <test-case description="Invoke-SafeInstall handles network errors" name="Bootstrap Error Handling.Invoke-SafeInstall Error Scenarios.Invoke-SafeInstall handles network errors" time="0.0032" asserts="0" success="True" result="Success" executed="True" />
                  <test-case description="Invoke-SafeInstall handles timeout errors" name="Bootstrap Error Handling.Invoke-SafeInstall Error Scenarios.Invoke-SafeInstall handles timeout errors" time="0.0029" asserts="0" success="True" result="Success" executed="True" />
                  <test-case description="Invoke-SafeInstall handles permission denied" name="Bootstrap Error Handling.Invoke-SafeInstall Error Scenarios.Invoke-SafeInstall handles permission denied" time="0.0064" asserts="0" success="True" result="Success" executed="True" />
                  <test-case description="Invoke-SafeInstall tracks failed packages" name="Bootstrap Error Handling.Invoke-SafeInstall Error Scenarios.Invoke-SafeInstall tracks failed packages" time="0.0035" asserts="0" success="True" result="Success" executed="True" />
                  <test-case description="Invoke-SafeInstall returns error message in result" name="Bootstrap Error Handling.Invoke-SafeInstall Error Scenarios.Invoke-SafeInstall returns error message in result" time="0.003" asserts="0" success="True" result="Success" executed="True" />
                  <test-case description="Invoke-SafeInstall handles null package name" name="Bootstrap Error Handling.Invoke-SafeInstall Error Scenarios.Invoke-SafeInstall handles null package name" time="0.0025" asserts="0" success="True" result="Success" executed="True" />
                  <test-case description="Invoke-SafeInstall handles empty package name" name="Bootstrap Error Handling.Invoke-SafeInstall Error Scenarios.Invoke-SafeInstall handles empty package name" time="0.0027" asserts="0" success="True" result="Success" executed="True" />
                </results>
              </test-suite>
              <test-suite type="TestFixture" name="Bootstrap Error Handling.Path Management Error Scenarios" executed="True" result="Success" success="True" time="3.5506" asserts="0" description="Bootstrap Error Handling.Path Management Error Scenarios">
                <results>
                  <test-case description="Add-ToPath handles null path" name="Bootstrap Error Handling.Path Management Error Scenarios.Add-ToPath handles null path" time="0.0096" asserts="0" success="True" result="Success" executed="True" />
                  <test-case description="Add-ToPath handles empty path" name="Bootstrap Error Handling.Path Management Error Scenarios.Add-ToPath handles empty path" time="0.0033" asserts="0" success="True" result="Success" executed="True" />
                  <test-case description="Add-ToPath does not add duplicate paths" name="Bootstrap Error Handling.Path Management Error Scenarios.Add-ToPath does not add duplicate paths" time="0.0074" asserts="0" success="True" result="Success" executed="True" />
                  <test-case description="Add-ToPath handles paths with spaces" name="Bootstrap Error Handling.Path Management Error Scenarios.Add-ToPath handles paths with spaces" time="1.9829" asserts="0" success="True" result="Success" executed="True" />
                  <test-case description="Add-ToPath handles relative paths" name="Bootstrap Error Handling.Path Management Error Scenarios.Add-ToPath handles relative paths" time="1.51" asserts="0" success="True" result="Success" executed="True" />
                </results>
              </test-suite>
              <test-suite type="TestFixture" name="Bootstrap Error Handling.Test-Command Edge Cases" executed="True" result="Success" success="True" time="3.7994" asserts="0" description="Bootstrap Error Handling.Test-Command Edge Cases">
                <results>
                  <test-case description="Test-Command returns false for null input" name="Bootstrap Error Handling.Test-Command Edge Cases.Test-Command returns false for null input" time="0.0034" asserts="0" success="True" result="Success" executed="True" />
                  <test-case description="Test-Command returns false for empty string" name="Bootstrap Error Handling.Test-Command Edge Cases.Test-Command returns false for empty string" time="0.0023" asserts="0" success="True" result="Success" executed="True" />
                  <test-case description="Test-Command returns false for whitespace only" name="Bootstrap Error Handling.Test-Command Edge Cases.Test-Command returns false for whitespace only" time="0.0918" asserts="0" success="True" result="Success" executed="True" />
                  <test-case description="Test-Command handles command with spaces" name="Bootstrap Error Handling.Test-Command Edge Cases.Test-Command handles command with spaces" time="0.1468" asserts="0" success="True" result="Success" executed="True" />
                </results>
              </test-suite>
              <test-suite type="TestFixture" name="Bootstrap Error Handling.Tracking Function Edge Cases" executed="True" result="Success" success="True" time="3.8264" asserts="0" description="Bootstrap Error Handling.Tracking Function Edge Cases">
                <results>
                  <test-case description="Track-Installed handles null package name" name="Bootstrap Error Handling.Tracking Function Edge Cases.Track-Installed handles null package name" time="0.0082" asserts="0" success="True" result="Success" executed="True" />
                  <test-case description="Track-Installed handles empty package name" name="Bootstrap Error Handling.Tracking Function Edge Cases.Track-Installed handles empty package name" time="0.0025" asserts="0" success="True" result="Success" executed="True" />
                  <test-case description="Track-Skipped handles null package name" name="Bootstrap Error Handling.Tracking Function Edge Cases.Track-Skipped handles null package name" time="0.0037" asserts="0" success="True" result="Success" executed="True" />
                  <test-case description="Track-Failed handles null package name" name="Bootstrap Error Handling.Tracking Function Edge Cases.Track-Failed handles null package name" time="0.0043" asserts="0" success="True" result="Success" executed="True" />
                  <test-case description="Reset-Tracking clears all tracking arrays" name="Bootstrap Error Handling.Tracking Function Edge Cases.Reset-Tracking clears all tracking arrays" time="0.0035" asserts="0" success="True" result="Success" executed="True" />
                </results>
              </test-suite>
              <test-suite type="TestFixture" name="Bootstrap Error Handling.Platform Detection Edge Cases" executed="True" result="Success" success="True" time="3.8427" asserts="0" description="Bootstrap Error Handling.Platform Detection Edge Cases">
                <results>
                  <test-case description="Get-OSPlatform returns consistent result" name="Bootstrap Error Handling.Platform Detection Edge Cases.Get-OSPlatform returns consistent result" time="0.0032" asserts="0" success="True" result="Success" executed="True" />
                  <test-case description="Get-OSPlatform returns valid string" name="Bootstrap Error Handling.Platform Detection Edge Cases.Get-OSPlatform returns valid string" time="0.0094" asserts="0" success="True" result="Success" executed="True" />
                </results>
              </test-suite>
              <test-suite type="TestFixture" name="Bootstrap Error Handling.Logging Function Edge Cases" executed="True" result="Success" success="True" time="3.8811" asserts="0" description="Bootstrap Error Handling.Logging Function Edge Cases">
                <results>
                  <test-case description="Write-Info handles null message" name="Bootstrap Error Handling.Logging Function Edge Cases.Write-Info handles null message" time="0.0044" asserts="0" success="True" result="Success" executed="True" />
                  <test-case description="Write-Info handles empty message" name="Bootstrap Error Handling.Logging Function Edge Cases.Write-Info handles empty message" time="0.0037" asserts="0" success="True" result="Success" executed="True" />
                  <test-case description="Write-Success handles null message" name="Bootstrap Error Handling.Logging Function Edge Cases.Write-Success handles null message" time="0.0029" asserts="0" success="True" result="Success" executed="True" />
                  <test-case description="Write-Warning handles null message" name="Bootstrap Error Handling.Logging Function Edge Cases.Write-Warning handles null message" time="0.0031" asserts="0" success="True" result="Success" executed="True" />
                  <test-case description="Write-Error-Msg handles null message" name="Bootstrap Error Handling.Logging Function Edge Cases.Write-Error-Msg handles null message" time="0.003" asserts="0" success="True" result="Success" executed="True" />
                  <test-case description="Write-Info handles message with special characters" name="Bootstrap Error Handling.Logging Function Edge Cases.Write-Info handles message with special characters" time="0.013" asserts="0" success="True" result="Success" executed="True" />
                  <test-case description="Write-Info handles very long messages" name="Bootstrap Error Handling.Logging Function Edge Cases.Write-Info handles very long messages" time="0.0047" asserts="0" success="True" result="Success" executed="True" />
                </results>
              </test-suite>
              <test-suite type="TestFixture" name="Bootstrap Error Handling.Package Manager Mock Scenarios" executed="True" result="Success" success="True" time="4.345" asserts="0" description="Bootstrap Error Handling.Package Manager Mock Scenarios">
                <results>
                  <test-case description="Handles Scoop not installed" name="Bootstrap Error Handling.Package Manager Mock Scenarios.Handles Scoop not installed" time="0.1408" asserts="0" success="True" result="Success" executed="True" />
                  <test-case description="Handles Winget not installed" name="Bootstrap Error Handling.Package Manager Mock Scenarios.Handles Winget not installed" time="0.158" asserts="0" success="True" result="Success" executed="True" />
                  <test-case description="Handles Chocolatey not installed" name="Bootstrap Error Handling.Package Manager Mock Scenarios.Handles Chocolatey not installed" time="0.1613" asserts="0" success="True" result="Success" executed="True" />
                </results>
              </test-suite>
            </results>
          </test-suite>
          <test-suite type="TestFixture" name="Bootstrap.ps1 Phase Functions" executed="True" result="Success" success="True" time="6.7303" asserts="0" description="Bootstrap.ps1 Phase Functions">
            <results>
              <test-suite type="TestFixture" name="Bootstrap.ps1 Phase Functions.Install-Foundation Phase" executed="True" result="Success" success="True" time="0.0265" asserts="0" description="Bootstrap.ps1 Phase Functions.Install-Foundation Phase">
                <results>
                  <test-case description="Script contains Install-Foundation function" name="Bootstrap.ps1 Phase Functions.Install-Foundation Phase.Script contains Install-Foundation function" time="0.0069" asserts="0" success="True" result="Success" executed="True" />
                  <test-case description="Install-Foundation checks for git command" name="Bootstrap.ps1 Phase Functions.Install-Foundation Phase.Install-Foundation checks for git command" time="0.0044" asserts="0" success="True" result="Success" executed="True" />
                  <test-case description="Install-Foundation calls Ensure-Scoop" name="Bootstrap.ps1 Phase Functions.Install-Foundation Phase.Install-Foundation calls Ensure-Scoop" time="0.0041" asserts="0" success="True" result="Success" executed="True" />
                  <test-case description="Install-Foundation calls Configure-GitSettings" name="Bootstrap.ps1 Phase Functions.Install-Foundation Phase.Install-Foundation calls Configure-GitSettings" time="0.0051" asserts="0" success="True" result="Success" executed="True" />
                </results>
              </test-suite>
              <test-suite type="TestFixture" name="Bootstrap.ps1 Phase Functions.Install-SDKs Phase" executed="True" result="Success" success="True" time="0.074" asserts="0" description="Bootstrap.ps1 Phase Functions.Install-SDKs Phase">
                <results>
                  <test-case description="Script contains Install-SDKs function" name="Bootstrap.ps1 Phase Functions.Install-SDKs Phase.Script contains Install-SDKs function" time="0.0149" asserts="0" success="True" result="Success" executed="True" />
                  <test-case description="Install-SDKs checks for minimal category" name="Bootstrap.ps1 Phase Functions.Install-SDKs Phase.Install-SDKs checks for minimal category" time="0.0051" asserts="0" success="True" result="Success" executed="True" />
                  <test-case description="Install-SDKs installs nodejs" name="Bootstrap.ps1 Phase Functions.Install-SDKs Phase.Install-SDKs installs nodejs" time="0.0042" asserts="0" success="True" result="Success" executed="True" />
                  <test-case description="Install-SDKs installs python" name="Bootstrap.ps1 Phase Functions.Install-SDKs Phase.Install-SDKs installs python" time="0.0046" asserts="0" success="True" result="Success" executed="True" />
                  <test-case description="Install-SDKs installs go" name="Bootstrap.ps1 Phase Functions.Install-SDKs Phase.Install-SDKs installs go" time="0.005" asserts="0" success="True" result="Success" executed="True" />
                  <test-case description="Install-SDKs installs dotnet for full category" name="Bootstrap.ps1 Phase Functions.Install-SDKs Phase.Install-SDKs installs dotnet for full category" time="0.0044" asserts="0" success="True" result="Success" executed="True" />
                  <test-case description="Install-SDKs installs OpenJDK for full category" name="Bootstrap.ps1 Phase Functions.Install-SDKs Phase.Install-SDKs installs OpenJDK for full category" time="0.0051" asserts="0" success="True" result="Success" executed="True" />
                </results>
              </test-suite>
              <test-suite type="TestFixture" name="Bootstrap.ps1 Phase Functions.Install-LanguageServers Phase" executed="True" result="Success" success="True" time="0.114" asserts="0" description="Bootstrap.ps1 Phase Functions.Install-LanguageServers Phase">
                <results>
                  <test-case description="Script contains Install-LanguageServers function" name="Bootstrap.ps1 Phase Functions.Install-LanguageServers Phase.Script contains Install-LanguageServers function" time="0.007" asserts="0" success="True" result="Success" executed="True" />
                  <test-case description="Install-LanguageServers installs clangd" name="Bootstrap.ps1 Phase Functions.Install-LanguageServers Phase.Install-LanguageServers installs clangd" time="0.0114" asserts="0" success="True" result="Success" executed="True" />
                  <test-case description="Install-LanguageServers installs gopls" name="Bootstrap.ps1 Phase Functions.Install-LanguageServers Phase.Install-LanguageServers installs gopls" time="0.0057" asserts="0" success="True" result="Success" executed="True" />
                  <test-case description="Install-LanguageServers installs pyright" name="Bootstrap.ps1 Phase Functions.Install-LanguageServers Phase.Install-LanguageServers installs pyright" time="0.005" asserts="0" success="True" result="Success" executed="True" />
                  <test-case description="Install-LanguageServers installs typescript-language-server" name="Bootstrap.ps1 Phase Functions.Install-LanguageServers Phase.Install-LanguageServers installs typescript-language-server" time="0.005" asserts="0" success="True" result="Success" executed="True" />
                </results>
              </test-suite>
              <test-suite type="TestFixture" name="Bootstrap.ps1 Phase Functions.Install-LintersFormatters Phase" executed="True" result="Success" success="True" time="0.1663" asserts="0" description="Bootstrap.ps1 Phase Functions.Install-LintersFormatters Phase">
                <results>
                  <test-case description="Script contains Install-LintersFormatters function" name="Bootstrap.ps1 Phase Functions.Install-LintersFormatters Phase.Script contains Install-LintersFormatters function" time="0.0144" asserts="0" success="True" result="Success" executed="True" />
                  <test-case description="Install-LintersFormatters installs prettier" name="Bootstrap.ps1 Phase Functions.Install-LintersFormatters Phase.Install-LintersFormatters installs prettier" time="0.0074" asserts="0" success="True" result="Success" executed="True" />
                  <test-case description="Install-LintersFormatters installs eslint" name="Bootstrap.ps1 Phase Functions.Install-LintersFormatters Phase.Install-LintersFormatters installs eslint" time="0.0064" asserts="0" success="True" result="Success" executed="True" />
                  <test-case description="Install-LintersFormatters installs ruff" name="Bootstrap.ps1 Phase Functions.Install-LintersFormatters Phase.Install-LintersFormatters installs ruff" time="0.0064" asserts="0" success="True" result="Success" executed="True" />
                  <test-case description="Install-LintersFormatters installs shellcheck" name="Bootstrap.ps1 Phase Functions.Install-LintersFormatters Phase.Install-LintersFormatters installs shellcheck" time="0.0063" asserts="0" success="True" result="Success" executed="True" />
                  <test-case description="Install-LintersFormatters calls Initialize-UserPath" name="Bootstrap.ps1 Phase Functions.Install-LintersFormatters Phase.Install-LintersFormatters calls Initialize-UserPath" time="0.007" asserts="0" success="True" result="Success" executed="True" />
                </results>
              </test-suite>
              <test-suite type="TestFixture" name="Bootstrap.ps1 Phase Functions.Install-CLITools Phase" executed="True" result="Success" success="True" time="0.2346" asserts="0" description="Bootstrap.ps1 Phase Functions.Install-CLITools Phase">
                <results>
                  <test-case description="Script contains Install-CLITools function" name="Bootstrap.ps1 Phase Functions.Install-CLITools Phase.Script contains Install-CLITools function" time="0.0097" asserts="0" success="True" result="Success" executed="True" />
                  <test-case description="Install-CLITools installs fzf" name="Bootstrap.ps1 Phase Functions.Install-CLITools Phase.Install-CLITools installs fzf" time="0.007" asserts="0" success="True" result="Success" executed="True" />
                  <test-case description="Install-CLITools installs zoxide" name="Bootstrap.ps1 Phase Functions.Install-CLITools Phase.Install-CLITools installs zoxide" time="0.0071" asserts="0" success="True" result="Success" executed="True" />
                  <test-case description="Install-CLITools installs bat" name="Bootstrap.ps1 Phase Functions.Install-CLITools Phase.Install-CLITools installs bat" time="0.0068" asserts="0" success="True" result="Success" executed="True" />
                  <test-case description="Install-CLITools installs eza" name="Bootstrap.ps1 Phase Functions.Install-CLITools Phase.Install-CLITools installs eza" time="0.006" asserts="0" success="True" result="Success" executed="True" />
                  <test-case description="Install-CLITools installs lazygit" name="Bootstrap.ps1 Phase Functions.Install-CLITools Phase.Install-CLITools installs lazygit" time="0.0073" asserts="0" success="True" result="Success" executed="True" />
                  <test-case description="Install-CLITools installs gh" name="Bootstrap.ps1 Phase Functions.Install-CLITools Phase.Install-CLITools installs gh" time="0.0065" asserts="0" success="True" result="Success" executed="True" />
                  <test-case description="Install-CLITools installs ripgrep" name="Bootstrap.ps1 Phase Functions.Install-CLITools Phase.Install-CLITools installs ripgrep" time="0.0082" asserts="0" success="True" result="Success" executed="True" />
                  <test-case description="Install-CLITools installs fd" name="Bootstrap.ps1 Phase Functions.Install-CLITools Phase.Install-CLITools installs fd" time="0.006" asserts="0" success="True" result="Success" executed="True" />
                </results>
              </test-suite>
              <test-suite type="TestFixture" name="Bootstrap.ps1 Phase Functions.Install-MCPServers Phase" executed="True" result="Success" success="True" time="0.2672" asserts="0" description="Bootstrap.ps1 Phase Functions.Install-MCPServers Phase">
                <results>
                  <test-case description="Script contains Install-MCPServers function" name="Bootstrap.ps1 Phase Functions.Install-MCPServers Phase.Script contains Install-MCPServers function" time="0.007" asserts="0" success="True" result="Success" executed="True" />
                  <test-case description="Install-MCPServers installs context7 MCP server" name="Bootstrap.ps1 Phase Functions.Install-MCPServers Phase.Install-MCPServers installs context7 MCP server" time="0.0065" asserts="0" success="True" result="Success" executed="True" />
                  <test-case description="Install-MCPServers installs playwright MCP server" name="Bootstrap.ps1 Phase Functions.Install-MCPServers Phase.Install-MCPServers installs playwright MCP server" time="0.0069" asserts="0" success="True" result="Success" executed="True" />
                  <test-case description="Install-MCPServers installs repomix" name="Bootstrap.ps1 Phase Functions.Install-MCPServers Phase.Install-MCPServers installs repomix" time="0.0068" asserts="0" success="True" result="Success" executed="True" />
                </results>
              </test-suite>
              <test-suite type="TestFixture" name="Bootstrap.ps1 Phase Functions.Install-DevelopmentTools Phase" executed="True" result="Success" success="True" time="0.3397" asserts="0" description="Bootstrap.ps1 Phase Functions.Install-DevelopmentTools Phase">
                <results>
                  <test-case description="Script contains Install-DevelopmentTools function" name="Bootstrap.ps1 Phase Functions.Install-DevelopmentTools Phase.Script contains Install-DevelopmentTools function" time="0.0185" asserts="0" success="True" result="Success" executed="True" />
                  <test-case description="Install-DevelopmentTools installs VS Code" name="Bootstrap.ps1 Phase Functions.Install-DevelopmentTools Phase.Install-DevelopmentTools installs VS Code" time="0.0119" asserts="0" success="True" result="Success" executed="True" />
                  <test-case description="Install-DevelopmentTools installs Visual Studio Community" name="Bootstrap.ps1 Phase Functions.Install-DevelopmentTools Phase.Install-DevelopmentTools installs Visual Studio Community" time="0.0104" asserts="0" success="True" result="Success" executed="True" />
                  <test-case description="Install-DevelopmentTools installs LLVM" name="Bootstrap.ps1 Phase Functions.Install-DevelopmentTools Phase.Install-DevelopmentTools installs LLVM" time="0.0111" asserts="0" success="True" result="Success" executed="True" />
                  <test-case description="Install-DevelopmentTools installs LaTeX" name="Bootstrap.ps1 Phase Functions.Install-DevelopmentTools Phase.Install-DevelopmentTools installs LaTeX" time="0.0065" asserts="0" success="True" result="Success" executed="True" />
                  <test-case description="Install-DevelopmentTools installs Claude Code CLI" name="Bootstrap.ps1 Phase Functions.Install-DevelopmentTools Phase.Install-DevelopmentTools installs Claude Code CLI" time="0.0097" asserts="0" success="True" result="Success" executed="True" />
                </results>
              </test-suite>
              <test-suite type="TestFixture" name="Bootstrap.ps1 Phase Functions.Deploy-Configs Phase" executed="True" result="Success" success="True" time="0.3654" asserts="0" description="Bootstrap.ps1 Phase Functions.Deploy-Configs Phase">
                <results>
                  <test-case description="Script contains Deploy-Configs function" name="Bootstrap.ps1 Phase Functions.Deploy-Configs Phase.Script contains Deploy-Configs function" time="0.0085" asserts="0" success="True" result="Success" executed="True" />
                  <test-case description="Deploy-Configs references deploy.ps1" name="Bootstrap.ps1 Phase Functions.Deploy-Configs Phase.Deploy-Configs references deploy.ps1" time="0.0109" asserts="0" success="True" result="Success" executed="True" />
                </results>
              </test-suite>
              <test-suite type="TestFixture" name="Bootstrap.ps1 Phase Functions.Update-All Phase" executed="True" result="Success" success="True" time="0.3872" asserts="0" description="Bootstrap.ps1 Phase Functions.Update-All Phase">
                <results>
                  <test-case description="Script contains Update-All function" name="Bootstrap.ps1 Phase Functions.Update-All Phase.Script contains Update-All function" time="0.0096" asserts="0" success="True" result="Success" executed="True" />
                  <test-case description="Update-All references update-all.ps1" name="Bootstrap.ps1 Phase Functions.Update-All Phase.Update-All references update-all.ps1" time="0.008" asserts="0" success="True" result="Success" executed="True" />
                </results>
              </test-suite>
              <test-suite type="TestFixture" name="Bootstrap.ps1 Phase Functions.Main Function" executed="True" result="Success" success="True" time="0.4341" asserts="0" description="Bootstrap.ps1 Phase Functions.Main Function">
                <results>
                  <test-case description="Script contains Main function" name="Bootstrap.ps1 Phase Functions.Main Function.Script contains Main function" time="0.0091" asserts="0" success="True" result="Success" executed="True" />
                  <test-case description="Main calls Install-Foundation" name="Bootstrap.ps1 Phase Functions.Main Function.Main calls Install-Foundation" time="0.0047" asserts="0" success="True" result="Success" executed="True" />
                  <test-case description="Main calls Install-SDKs" name="Bootstrap.ps1 Phase Functions.Main Function.Main calls Install-SDKs" time="0.004" asserts="0" success="True" result="Success" executed="True" />
                  <test-case description="Main calls Install-LanguageServers" name="Bootstrap.ps1 Phase Functions.Main Function.Main calls Install-LanguageServers" time="0.0045" asserts="0" success="True" result="Success" executed="True" />
                  <test-case description="Main calls Install-LintersFormatters" name="Bootstrap.ps1 Phase Functions.Main Function.Main calls Install-LintersFormatters" time="0.005" asserts="0" success="True" result="Success" executed="True" />
                  <test-case description="Main calls Install-CLITools" name="Bootstrap.ps1 Phase Functions.Main Function.Main calls Install-CLITools" time="0.0043" asserts="0" success="True" result="Success" executed="True" />
                  <test-case description="Main calls Write-Summary" name="Bootstrap.ps1 Phase Functions.Main Function.Main calls Write-Summary" time="0.0048" asserts="0" success="True" result="Success" executed="True" />
                  <test-case description="Main calls Main at script end" name="Bootstrap.ps1 Phase Functions.Main Function.Main calls Main at script end" time="0.0066" asserts="0" success="True" result="Success" executed="True" />
                </results>
              </test-suite>
              <test-suite type="TestFixture" name="Bootstrap.ps1 Phase Functions.Script Parameters" executed="True" result="Success" success="True" time="0.4832" asserts="0" description="Bootstrap.ps1 Phase Functions.Script Parameters">
                <results>
                  <test-case description="Script has Y parameter" name="Bootstrap.ps1 Phase Functions.Script Parameters.Script has Y parameter" time="0.0057" asserts="0" success="True" result="Success" executed="True" />
                  <test-case description="Script has DryRun parameter" name="Bootstrap.ps1 Phase Functions.Script Parameters.Script has DryRun parameter" time="0.0131" asserts="0" success="True" result="Success" executed="True" />
                  <test-case description="Script has Categories parameter" name="Bootstrap.ps1 Phase Functions.Script Parameters.Script has Categories parameter" time="0.0057" asserts="0" success="True" result="Success" executed="True" />
                  <test-case description="Script has SkipUpdate parameter" name="Bootstrap.ps1 Phase Functions.Script Parameters.Script has SkipUpdate parameter" time="0.0046" asserts="0" success="True" result="Success" executed="True" />
                  <test-case description="Script has VerboseMode parameter" name="Bootstrap.ps1 Phase Functions.Script Parameters.Script has VerboseMode parameter" time="0.0047" asserts="0" success="True" result="Success" executed="True" />
                  <test-case description="Script uses CmdletBinding attribute" name="Bootstrap.ps1 Phase Functions.Script Parameters.Script uses CmdletBinding attribute" time="0.0093" asserts="0" success="True" result="Success" executed="True" />
                </results>
              </test-suite>
              <test-suite type="TestFixture" name="Bootstrap.ps1 Phase Functions.Category Handling" executed="True" result="Success" success="True" time="0.5043" asserts="0" description="Bootstrap.ps1 Phase Functions.Category Handling">
                <results>
                  <test-case description="Checks for minimal category" name="Bootstrap.ps1 Phase Functions.Category Handling.Checks for minimal category" time="0.0063" asserts="0" success="True" result="Success" executed="True" />
                  <test-case description="Checks for full category" name="Bootstrap.ps1 Phase Functions.Category Handling.Checks for full category" time="0.0054" asserts="0" success="True" result="Success" executed="True" />
                  <test-case description="Default Categories is full" name="Bootstrap.ps1 Phase Functions.Category Handling.Default Categories is full" time="0.005" asserts="0" success="True" result="Success" executed="True" />
                </results>
              </test-suite>
              <test-suite type="TestFixture" name="Bootstrap.ps1 Phase Functions.DryRun Handling" executed="True" result="Success" success="True" time="0.5197" asserts="0" description="Bootstrap.ps1 Phase Functions.DryRun Handling">
                <results>
                  <test-case description="Checks DryRun variable" name="Bootstrap.ps1 Phase Functions.DryRun Handling.Checks DryRun variable" time="0.0054" asserts="0" success="True" result="Success" executed="True" />
                  <test-case description="Contains DRY-RUN message" name="Bootstrap.ps1 Phase Functions.DryRun Handling.Contains DRY-RUN message" time="0.0046" asserts="0" success="True" result="Success" executed="True" />
                </results>
              </test-suite>
              <test-suite type="TestFixture" name="Bootstrap.ps1 Phase Functions.Library Sourcing" executed="True" result="Success" success="True" time="0.5461" asserts="0" description="Bootstrap.ps1 Phase Functions.Library Sourcing">
                <results>
                  <test-case description="Sources common.ps1 library" name="Bootstrap.ps1 Phase Functions.Library Sourcing.Sources common.ps1 library" time="0.0064" asserts="0" success="True" result="Success" executed="True" />
                  <test-case description="Sources version-check.ps1 library" name="Bootstrap.ps1 Phase Functions.Library Sourcing.Sources version-check.ps1 library" time="0.0069" asserts="0" success="True" result="Success" executed="True" />
                  <test-case description="Sources windows.ps1 platform file" name="Bootstrap.ps1 Phase Functions.Library Sourcing.Sources windows.ps1 platform file" time="0.0044" asserts="0" success="True" result="Success" executed="True" />
                  <test-case description="Sources config.ps1 if available" name="Bootstrap.ps1 Phase Functions.Library Sourcing.Sources config.ps1 if available" time="0.0049" asserts="0" success="True" result="Success" executed="True" />
                </results>
              </test-suite>
            </results>
          </test-suite>
        </results>
      </test-suite>
      <test-suite type="TestFixture" name="C:\Users\lavantien\dev\github\dotfiles\tests\powershell\common-lib-full.Tests.ps1" executed="True" result="Success" success="True" time="0.9817" asserts="0" description="C:\Users\lavantien\dev\github\dotfiles\tests\powershell\common-lib-full.Tests.ps1">
        <results>
          <test-suite type="TestFixture" name="common.ps1 - Write-VerboseInfo" executed="True" result="Success" success="True" time="0.1514" asserts="0" description="common.ps1 - Write-VerboseInfo">
            <results>
              <test-case description="Writes message when Verbose is true" name="common.ps1 - Write-VerboseInfo.Writes message when Verbose is true" time="0.1414" asserts="0" success="True" result="Success" executed="True" />
              <test-case description="Skips writing when Verbose is false" name="common.ps1 - Write-VerboseInfo.Skips writing when Verbose is false" time="0.0063" asserts="0" success="True" result="Success" executed="True" />
            </results>
          </test-suite>
          <test-suite type="TestFixture" name="common.ps1 - Write-Section" executed="True" result="Success" success="True" time="0.1871" asserts="0" description="common.ps1 - Write-Section">
            <results>
              <test-case description="Writes section header with newline" name="common.ps1 - Write-Section.Writes section header with newline" time="0.0312" asserts="0" success="True" result="Success" executed="True" />
            </results>
          </test-suite>
          <test-suite type="TestFixture" name="common.ps1 - cmd_exists" executed="True" result="Success" success="True" time="0.3512" asserts="0" description="common.ps1 - cmd_exists">
            <results>
              <test-case description="Returns true when command exists (via git)" name="common.ps1 - cmd_exists.Returns true when command exists (via git)" time="0.0139" asserts="0" success="True" result="Success" executed="True" />
              <test-case description="Returns false when command does not exist" name="common.ps1 - cmd_exists.Returns false when command does not exist" time="0.1346" asserts="0" success="True" result="Success" executed="True" />
              <test-case description="Delegates to Test-Command function" name="common.ps1 - cmd_exists.Delegates to Test-Command function" time="0.0117" asserts="0" success="True" result="Success" executed="True" />
            </results>
          </test-suite>
          <test-suite type="TestFixture" name="common.ps1 - Get-WindowsVersion" executed="True" result="Success" success="True" time="0.3657" asserts="0" description="common.ps1 - Get-WindowsVersion">
            <results>
              <test-case description="Returns a version object" name="common.ps1 - Get-WindowsVersion.Returns a version object" time="0.0082" asserts="0" success="True" result="Success" executed="True" />
              <test-case description="Returns non-null version" name="common.ps1 - Get-WindowsVersion.Returns non-null version" time="0.0027" asserts="0" success="True" result="Success" executed="True" />
            </results>
          </test-suite>
          <test-suite type="TestFixture" name="common.ps1 - Get-OSPlatform" executed="True" result="Success" success="True" time="0.3721" asserts="0" description="common.ps1 - Get-OSPlatform">
            <results>
              <test-case description="Returns a valid platform string" name="common.ps1 - Get-OSPlatform.Returns a valid platform string" time="0.003" asserts="0" success="True" result="Success" executed="True" />
            </results>
          </test-suite>
          <test-suite type="TestFixture" name="common.ps1 - Read-Confirmation" executed="True" result="Success" success="True" time="0.44" asserts="0" description="common.ps1 - Read-Confirmation">
            <results>
              <test-case description="Returns true when user enters yes" name="common.ps1 - Read-Confirmation.Returns true when user enters yes" time="0.0118" asserts="0" success="True" result="Success" executed="True" />
              <test-case description="Returns true when user enters y" name="common.ps1 - Read-Confirmation.Returns true when user enters y" time="0.0056" asserts="0" success="True" result="Success" executed="True" />
              <test-case description="Returns false when user enters no" name="common.ps1 - Read-Confirmation.Returns false when user enters no" time="0.0215" asserts="0" success="True" result="Success" executed="True" />
              <test-case description="Returns false when user enters n" name="common.ps1 - Read-Confirmation.Returns false when user enters n" time="0.0054" asserts="0" success="True" result="Success" executed="True" />
              <test-case description="Returns default value when user enters empty" name="common.ps1 - Read-Confirmation.Returns default value when user enters empty" time="0.0056" asserts="0" success="True" result="Success" executed="True" />
              <test-case description="Returns true when not interactive" name="common.ps1 - Read-Confirmation.Returns true when not interactive" time="0.0022" asserts="0" success="True" result="Success" executed="True" />
              <test-case description="Trims whitespace from user input" name="common.ps1 - Read-Confirmation.Trims whitespace from user input" time="0.0063" asserts="0" success="True" result="Success" executed="True" />
              <test-case description="Handles case insensitive input" name="common.ps1 - Read-Confirmation.Handles case insensitive input" time="0.0061" asserts="0" success="True" result="Success" executed="True" />
            </results>
          </test-suite>
          <test-suite type="TestFixture" name="common.ps1 - Invoke-CommandSafe" executed="True" result="Success" success="True" time="0.4871" asserts="0" description="common.ps1 - Invoke-CommandSafe">
            <results>
              <test-case description="Returns true when command succeeds" name="common.ps1 - Invoke-CommandSafe.Returns true when command succeeds" time="0.0157" asserts="0" success="True" result="Success" executed="True" />
              <test-case description="Returns false when command fails" name="common.ps1 - Invoke-CommandSafe.Returns false when command fails" time="0.0137" asserts="0" success="True" result="Success" executed="True" />
              <test-case description="Returns true without executing in dry run mode" name="common.ps1 - Invoke-CommandSafe.Returns true without executing in dry run mode" time="0.0076" asserts="0" success="True" result="Success" executed="True" />
              <test-case description="Suppresses output when NoOutput is specified" name="common.ps1 - Invoke-CommandSafe.Suppresses output when NoOutput is specified" time="0.0067" asserts="0" success="True" result="Success" executed="True" />
            </results>
          </test-suite>
          <test-suite type="TestFixture" name="common.ps1 - Initialize-UserPath" executed="True" result="Success" success="True" time="0.5792" asserts="0" description="common.ps1 - Initialize-UserPath">
            <results>
              <test-case description="Calls Write-Step to indicate start" name="common.ps1 - Initialize-UserPath.Calls Write-Step to indicate start" time="0.0577" asserts="0" success="True" result="Success" executed="True" />
              <test-case description="Refreshes PATH after processing directories" name="common.ps1 - Initialize-UserPath.Refreshes PATH after processing directories" time="0.031" asserts="0" success="True" result="Success" executed="True" />
            </results>
          </test-suite>
          <test-suite type="TestFixture" name="common.ps1 - Save-State" executed="True" result="Success" success="True" time="0.6112" asserts="0" description="common.ps1 - Save-State">
            <results>
              <test-case description="Saves tool state to file" name="common.ps1 - Save-State.Saves tool state to file" time="0.0282" asserts="0" success="True" result="Success" executed="True" />
            </results>
          </test-suite>
          <test-suite type="TestFixture" name="common.ps1 - Get-InstalledState" executed="True" result="Success" success="True" time="0.672" asserts="0" description="common.ps1 - Get-InstalledState">
            <results>
              <test-case description="Returns null when state file does not exist" name="common.ps1 - Get-InstalledState.Returns null when state file does not exist" time="0.0092" asserts="0" success="True" result="Success" executed="True" />
              <test-case description="Returns null when tool not found in state file" name="common.ps1 - Get-InstalledState.Returns null when tool not found in state file" time="0.0482" asserts="0" success="True" result="Success" executed="True" />
            </results>
          </test-suite>
          <test-suite type="TestFixture" name="common.ps1 - Test-Admin" executed="True" result="Success" success="True" time="0.697" asserts="0" description="common.ps1 - Test-Admin">
            <results>
              <test-case description="Returns boolean indicating admin status" name="common.ps1 - Test-Admin.Returns boolean indicating admin status" time="0.0081" asserts="0" success="True" result="Success" executed="True" />
            </results>
          </test-suite>
          <test-suite type="TestFixture" name="common.ps1 - Restart-ShellPrompt" executed="True" result="Success" success="True" time="0.7161" asserts="0" description="common.ps1 - Restart-ShellPrompt">
            <results>
              <test-case description="Writes restart message to host" name="common.ps1 - Restart-ShellPrompt.Writes restart message to host" time="0.0148" asserts="0" success="True" result="Success" executed="True" />
            </results>
          </test-suite>
          <test-suite type="TestFixture" name="common.ps1 - Add-ToPath" executed="True" result="Success" success="True" time="0.7283" asserts="0" description="common.ps1 - Add-ToPath">
            <results>
              <test-case description="Adds path to PATH variable" name="common.ps1 - Add-ToPath.Adds path to PATH variable" time="0.0078" asserts="0" success="True" result="Success" executed="True" />
            </results>
          </test-suite>
          <test-suite type="TestFixture" name="common.ps1 - Refresh-Path" executed="True" result="Success" success="True" time="0.7409" asserts="0" description="common.ps1 - Refresh-Path">
            <results>
              <test-case description="Refreshes PATH from environment" name="common.ps1 - Refresh-Path.Refreshes PATH from environment" time="0.0075" asserts="0" success="True" result="Success" executed="True" />
            </results>
          </test-suite>
          <test-suite type="TestFixture" name="common.ps1 - Write-Color" executed="True" result="Success" success="True" time="0.7611" asserts="0" description="common.ps1 - Write-Color">
            <results>
              <test-case description="Writes colored output" name="common.ps1 - Write-Color.Writes colored output" time="0.0153" asserts="0" success="True" result="Success" executed="True" />
            </results>
          </test-suite>
          <test-suite type="TestFixture" name="common.ps1 - Write-Info" executed="True" result="Success" success="True" time="0.7724" asserts="0" description="common.ps1 - Write-Info">
            <results>
              <test-case description="Writes info message" name="common.ps1 - Write-Info.Writes info message" time="0.0076" asserts="0" success="True" result="Success" executed="True" />
            </results>
          </test-suite>
          <test-suite type="TestFixture" name="common.ps1 - Write-Success" executed="True" result="Success" success="True" time="0.784" asserts="0" description="common.ps1 - Write-Success">
            <results>
              <test-case description="Writes success message" name="common.ps1 - Write-Success.Writes success message" time="0.0074" asserts="0" success="True" result="Success" executed="True" />
            </results>
          </test-suite>
          <test-suite type="TestFixture" name="common.ps1 - Write-Warning" executed="True" result="Success" success="True" time="0.8014" asserts="0" description="common.ps1 - Write-Warning">
            <results>
              <test-case description="Writes warning message" name="common.ps1 - Write-Warning.Writes warning message" time="0.0119" asserts="0" success="True" result="Success" executed="True" />
            </results>
          </test-suite>
          <test-suite type="TestFixture" name="common.ps1 - Write-Error-Msg" executed="True" result="Success" success="True" time="0.8165" asserts="0" description="common.ps1 - Write-Error-Msg">
            <results>
              <test-case description="Writes error message" name="common.ps1 - Write-Error-Msg.Writes error message" time="0.01" asserts="0" success="True" result="Success" executed="True" />
            </results>
          </test-suite>
          <test-suite type="TestFixture" name="common.ps1 - Write-Step" executed="True" result="Success" success="True" time="0.8305" asserts="0" description="common.ps1 - Write-Step">
            <results>
              <test-case description="Writes step message" name="common.ps1 - Write-Step.Writes step message" time="0.01" asserts="0" success="True" result="Success" executed="True" />
            </results>
          </test-suite>
          <test-suite type="TestFixture" name="common.ps1 - Write-Header" executed="True" result="Success" success="True" time="0.8462" asserts="0" description="common.ps1 - Write-Header">
            <results>
              <test-case description="Writes header message" name="common.ps1 - Write-Header.Writes header message" time="0.012" asserts="0" success="True" result="Success" executed="True" />
            </results>
          </test-suite>
          <test-suite type="TestFixture" name="common.ps1 - Track-Installed" executed="True" result="Success" success="True" time="0.854" asserts="0" description="common.ps1 - Track-Installed">
            <results>
              <test-case description="Adds package to installed list" name="common.ps1 - Track-Installed.Adds package to installed list" time="0.0039" asserts="0" success="True" result="Success" executed="True" />
            </results>
          </test-suite>
          <test-suite type="TestFixture" name="common.ps1 - Track-Skipped" executed="True" result="Success" success="True" time="0.8608" asserts="0" description="common.ps1 - Track-Skipped">
            <results>
              <test-case description="Adds package to skipped list" name="common.ps1 - Track-Skipped.Adds package to skipped list" time="0.0034" asserts="0" success="True" result="Success" executed="True" />
            </results>
          </test-suite>
          <test-suite type="TestFixture" name="common.ps1 - Track-Failed" executed="True" result="Success" success="True" time="0.868" asserts="0" description="common.ps1 - Track-Failed">
            <results>
              <test-case description="Adds package to failed list" name="common.ps1 - Track-Failed.Adds package to failed list" time="0.0036" asserts="0" success="True" result="Success" executed="True" />
            </results>
          </test-suite>
          <test-suite type="TestFixture" name="common.ps1 - Reset-Tracking" executed="True" result="Success" success="True" time="0.8749" asserts="0" description="common.ps1 - Reset-Tracking">
            <results>
              <test-case description="Clears all tracking lists" name="common.ps1 - Reset-Tracking.Clears all tracking lists" time="0.0036" asserts="0" success="True" result="Success" executed="True" />
            </results>
          </test-suite>
        </results>
      </test-suite>
      <test-suite type="TestFixture" name="C:\Users\lavantien\dev\github\dotfiles\tests\powershell\config-ps1.Tests.ps1" executed="True" result="Success" success="True" time="0.3093" asserts="0" description="C:\Users\lavantien\dev\github\dotfiles\tests\powershell\config-ps1.Tests.ps1">
        <results>
          <test-suite type="TestFixture" name="PowerShell Config Library - Load Functions" executed="True" result="Success" success="True" time="0.0147" asserts="0" description="PowerShell Config Library - Load Functions">
            <results>
              <test-case description="Load-DotfilesConfig function exists" name="PowerShell Config Library - Load Functions.Load-DotfilesConfig function exists" time="0.0046" asserts="0" success="True" result="Success" executed="True" />
              <test-case description="Load-DotfilesConfig returns without error for non-existent file" name="PowerShell Config Library - Load Functions.Load-DotfilesConfig returns without error for non-existent file" time="0.0036" asserts="0" success="True" result="Success" executed="True" />
              <test-case description="Load-DotfilesConfig preserves defaults when file doesn't exist" name="PowerShell Config Library - Load Functions.Load-DotfilesConfig preserves defaults when file doesn't exist" time="0.0026" asserts="0" success="True" result="Success" executed="True" />
            </results>
          </test-suite>
          <test-suite type="TestFixture" name="PowerShell Config Library - Simple Parser" executed="True" result="Success" success="True" time="0.0733" asserts="0" description="PowerShell Config Library - Simple Parser">
            <results>
              <test-case description="_ParseConfigSimple parses key-value pairs" name="PowerShell Config Library - Simple Parser._ParseConfigSimple parses key-value pairs" time="0.012" asserts="0" success="True" result="Success" executed="True" />
              <test-case description="_ParseConfigSimple handles comments" name="PowerShell Config Library - Simple Parser._ParseConfigSimple handles comments" time="0.0082" asserts="0" success="True" result="Success" executed="True" />
              <test-case description="_ParseConfigSimple handles quoted values" name="PowerShell Config Library - Simple Parser._ParseConfigSimple handles quoted values" time="0.007" asserts="0" success="True" result="Success" executed="True" />
              <test-case description="_ParseConfigSimple handles array values" name="PowerShell Config Library - Simple Parser._ParseConfigSimple handles array values" time="0.0084" asserts="0" success="True" result="Success" executed="True" />
              <test-case description="_ParseConfigSimple handles inline comments" name="PowerShell Config Library - Simple Parser._ParseConfigSimple handles inline comments" time="0.0069" asserts="0" success="True" result="Success" executed="True" />
              <test-case description="_ParseConfigSimple handles platform sections" name="PowerShell Config Library - Simple Parser._ParseConfigSimple handles platform sections" time="0.0127" asserts="0" success="True" result="Success" executed="True" />
            </results>
          </test-suite>
          <test-suite type="TestFixture" name="PowerShell Config Library - Getters" executed="True" result="Success" success="True" time="0.0922" asserts="0" description="PowerShell Config Library - Getters">
            <results>
              <test-case description="Get-ConfigValue function exists" name="PowerShell Config Library - Getters.Get-ConfigValue function exists" time="0.0036" asserts="0" success="True" result="Success" executed="True" />
              <test-case description="Get-ConfigValue returns default for missing key" name="PowerShell Config Library - Getters.Get-ConfigValue returns default for missing key" time="0.0034" asserts="0" success="True" result="Success" executed="True" />
              <test-case description="Get-ConfigValue returns configured value" name="PowerShell Config Library - Getters.Get-ConfigValue returns configured value" time="0.0023" asserts="0" success="True" result="Success" executed="True" />
              <test-case description="Get-ConfigValue returns empty string for unset value without default" name="PowerShell Config Library - Getters.Get-ConfigValue returns empty string for unset value without default" time="0.002" asserts="0" success="True" result="Success" executed="True" />
              <test-case description="Get-ConfigValue handles all known keys" name="PowerShell Config Library - Getters.Get-ConfigValue handles all known keys" time="0.0042" asserts="0" success="True" result="Success" executed="True" />
            </results>
          </test-suite>
          <test-suite type="TestFixture" name="PowerShell Config Library - Test-SkipPackage" executed="True" result="Success" success="True" time="0.1095" asserts="0" description="PowerShell Config Library - Test-SkipPackage">
            <results>
              <test-case description="Test-SkipPackage function exists" name="PowerShell Config Library - Test-SkipPackage.Test-SkipPackage function exists" time="0.0039" asserts="0" success="True" result="Success" executed="True" />
              <test-case description="Test-SkipPackage returns false when skip list is empty" name="PowerShell Config Library - Test-SkipPackage.Test-SkipPackage returns false when skip list is empty" time="0.0023" asserts="0" success="True" result="Success" executed="True" />
              <test-case description="Test-SkipPackage returns false when skip list is null" name="PowerShell Config Library - Test-SkipPackage.Test-SkipPackage returns false when skip list is null" time="0.002" asserts="0" success="True" result="Success" executed="True" />
              <test-case description="Test-SkipPackage returns true when package is in skip list" name="PowerShell Config Library - Test-SkipPackage.Test-SkipPackage returns true when package is in skip list" time="0.0019" asserts="0" success="True" result="Success" executed="True" />
              <test-case description="Test-SkipPackage returns false when package not in skip list" name="PowerShell Config Library - Test-SkipPackage.Test-SkipPackage returns false when package not in skip list" time="0.0019" asserts="0" success="True" result="Success" executed="True" />
              <test-case description="Test-SkipPackage is case-insensitive by default" name="PowerShell Config Library - Test-SkipPackage.Test-SkipPackage is case-insensitive by default" time="0.0019" asserts="0" success="True" result="Success" executed="True" />
            </results>
          </test-suite>
          <test-suite type="TestFixture" name="PowerShell Config Library - Config Variables" executed="True" result="Success" success="True" time="0.1429" asserts="0" description="PowerShell Config Library - Config Variables">
            <results>
              <test-case description="Has all expected config variables" name="PowerShell Config Library - Config Variables.Has all expected config variables" time="0.0107" asserts="0" success="True" result="Success" executed="True" />
              <test-case description="Has platform-specific config variables" name="PowerShell Config Library - Config Variables.Has platform-specific config variables" time="0.0027" asserts="0" success="True" result="Success" executed="True" />
              <test-case description="CONFIG_CATEGORIES defaults to 'full'" name="PowerShell Config Library - Config Variables.CONFIG_CATEGORIES defaults to 'full'" time="0.002" asserts="0" success="True" result="Success" executed="True" />
              <test-case description="CONFIG_AUTO_UPDATE_REPOS defaults to 'false'" name="PowerShell Config Library - Config Variables.CONFIG_AUTO_UPDATE_REPOS defaults to 'false'" time="0.0019" asserts="0" success="True" result="Success" executed="True" />
              <test-case description="CONFIG_BACKUP_BEFORE_DEPLOY defaults to 'false'" name="PowerShell Config Library - Config Variables.CONFIG_BACKUP_BEFORE_DEPLOY defaults to 'false'" time="0.0018" asserts="0" success="True" result="Success" executed="True" />
              <test-case description="CONFIG_SIGN_COMMITS defaults to 'false'" name="PowerShell Config Library - Config Variables.CONFIG_SIGN_COMMITS defaults to 'false'" time="0.002" asserts="0" success="True" result="Success" executed="True" />
              <test-case description="CONFIG_DEFAULT_BRANCH defaults to 'main'" name="PowerShell Config Library - Config Variables.CONFIG_DEFAULT_BRANCH defaults to 'main'" time="0.0018" asserts="0" success="True" result="Success" executed="True" />
              <test-case description="CONFIG_AUTO_COMMIT defaults to 'false'" name="PowerShell Config Library - Config Variables.CONFIG_AUTO_COMMIT defaults to 'false'" time="0.0018" asserts="0" success="True" result="Success" executed="True" />
              <test-case description="CONFIG_SKIP_PACKAGES defaults to empty array" name="PowerShell Config Library - Config Variables.CONFIG_SKIP_PACKAGES defaults to empty array" time="0.002" asserts="0" success="True" result="Success" executed="True" />
            </results>
          </test-suite>
          <test-suite type="TestFixture" name="PowerShell Config Library - Module Parser" executed="True" result="Success" success="True" time="0.1627" asserts="0" description="PowerShell Config Library - Module Parser">
            <results>
              <test-case description="_ParseConfigWithModule function exists" name="PowerShell Config Library - Module Parser._ParseConfigWithModule function exists" time="0.0032" asserts="0" success="True" result="Success" executed="True" />
              <test-case description="Checks for powershell-yaml module" name="PowerShell Config Library - Module Parser.Checks for powershell-yaml module" time="0.0131" asserts="0" success="True" result="Success" executed="True" />
            </results>
          </test-suite>
          <test-suite type="TestFixture" name="PowerShell Config Library - Edge Cases" executed="True" result="Success" success="True" time="0.2287" asserts="0" description="PowerShell Config Library - Edge Cases">
            <results>
              <test-case description="Handles empty config file" name="PowerShell Config Library - Edge Cases.Handles empty config file" time="0.0093" asserts="0" success="True" result="Success" executed="True" />
              <test-case description="Handles config file with only comments" name="PowerShell Config Library - Edge Cases.Handles config file with only comments" time="0.0125" asserts="0" success="True" result="Success" executed="True" />
              <test-case description="Handles malformed key-value pairs gracefully" name="PowerShell Config Library - Edge Cases.Handles malformed key-value pairs gracefully" time="0.0195" asserts="0" success="True" result="Success" executed="True" />
              <test-case description="Get-ConfigValue handles null key" name="PowerShell Config Library - Edge Cases.Get-ConfigValue handles null key" time="0.0146" asserts="0" success="True" result="Success" executed="True" />
              <test-case description="Get-ConfigValue handles empty key" name="PowerShell Config Library - Edge Cases.Get-ConfigValue handles empty key" time="0.0023" asserts="0" success="True" result="Success" executed="True" />
              <test-case description="Test-SkipPackage handles null package name" name="PowerShell Config Library - Edge Cases.Test-SkipPackage handles null package name" time="0.002" asserts="0" success="True" result="Success" executed="True" />
              <test-case description="Test-SkipPackage handles empty package name" name="PowerShell Config Library - Edge Cases.Test-SkipPackage handles empty package name" time="0.0022" asserts="0" success="True" result="Success" executed="True" />
            </results>
[...]
            <results>
              <test-suite type="TestFixture" name="Bootstrap E2E - Script Structure.Bootstrap Script Files" executed="True" result="Success" success="True" time="0.0122" asserts="0" description="Bootstrap E2E - Script Structure.Bootstrap Script Files">
                <results>
                  <test-case description="bootstrap.ps1 exists and is readable" name="Bootstrap E2E - Script Structure.Bootstrap Script Files.bootstrap.ps1 exists and is readable" time="0.0034" asserts="0" success="True" result="Success" executed="True" />
                  <test-case description="bootstrap.sh exists for bash compatibility" name="Bootstrap E2E - Script Structure.Bootstrap Script Files.bootstrap.sh exists for bash compatibility" time="0.003" asserts="0" success="True" result="Success" executed="True" />
                  <test-case description="bootstrap library files exist" name="Bootstrap E2E - Script Structure.Bootstrap Script Files.bootstrap library files exist" time="0.0026" asserts="0" success="True" result="Success" executed="True" />
                </results>
              </test-suite>
              <test-suite type="TestFixture" name="Bootstrap E2E - Script Structure.Bootstrap Platform Scripts" executed="True" result="Success" success="True" time="0.0183" asserts="0" description="Bootstrap E2E - Script Structure.Bootstrap Platform Scripts">
                <results>
                  <test-case description="Windows bootstrap script exists" name="Bootstrap E2E - Script Structure.Bootstrap Platform Scripts.Windows bootstrap script exists" time="0.0029" asserts="0" success="True" result="Success" executed="True" />
                </results>
              </test-suite>
            </results>
          </test-suite>
          <test-suite type="TestFixture" name="Bootstrap E2E - Function Tests" executed="True" result="Success" success="True" time="0.1032" asserts="0" description="Bootstrap E2E - Function Tests">
            <results>
              <test-suite type="TestFixture" name="Bootstrap E2E - Function Tests.OS Detection" executed="True" result="Success" success="True" time="0.0154" asserts="0" description="Bootstrap E2E - Function Tests.OS Detection">
                <results>
                  <test-case description="Can detect Windows platform" name="Bootstrap E2E - Function Tests.OS Detection.Can detect Windows platform" time="0.0044" asserts="0" success="True" result="Success" executed="True" />
                  <test-case description="Detects PowerShell version" name="Bootstrap E2E - Function Tests.OS Detection.Detects PowerShell version" time="0.007" asserts="0" success="True" result="Success" executed="True" />
                </results>
              </test-suite>
              <test-suite type="TestFixture" name="Bootstrap E2E - Function Tests.Command Detection" executed="True" result="Success" success="True" time="0.0765" asserts="0" description="Bootstrap E2E - Function Tests.Command Detection">
                <results>
                  <test-case description="Detects existing commands" name="Bootstrap E2E - Function Tests.Command Detection.Detects existing commands" time="0.0058" asserts="0" success="True" result="Success" executed="True" />
                  <test-case description="Returns null for non-existent commands" name="Bootstrap E2E - Function Tests.Command Detection.Returns null for non-existent commands" time="0.0515" asserts="0" success="True" result="Success" executed="True" />
                </results>
              </test-suite>
            </results>
          </test-suite>
          <test-suite type="TestFixture" name="Bootstrap E2E - Idempotency" executed="True" result="Success" success="True" time="0.1137" asserts="0" description="Bootstrap E2E - Idempotency">
            <results>
              <test-case description="Bootstrap can be sourced multiple times" name="Bootstrap E2E - Idempotency.Bootstrap can be sourced multiple times" time="0.0038" asserts="0" success="True" result="Success" executed="True" />
              <test-case description="Path operations are idempotent" name="Bootstrap E2E - Idempotency.Path operations are idempotent" time="0.0035" asserts="0" success="True" result="Success" executed="True" />
            </results>
          </test-suite>
          <test-suite type="TestFixture" name="Bootstrap E2E - Config Integration" executed="True" result="Success" success="True" time="0.1423" asserts="0" description="Bootstrap E2E - Config Integration">
            <results>
              <test-case description="Works without config file" name="Bootstrap E2E - Config Integration.Works without config file" time="0.004" asserts="0" success="True" result="Success" executed="True" />
              <test-case description="Uses defaults when config is missing" name="Bootstrap E2E - Config Integration.Uses defaults when config is missing" time="0.0026" asserts="0" success="True" result="Success" executed="True" />
            </results>
          </test-suite>
          <test-suite type="TestFixture" name="Bootstrap E2E - Prerequisites" executed="True" result="Success" success="True" time="0.1538" asserts="0" description="Bootstrap E2E - Prerequisites">
            <results>
              <test-case description="Git is available" name="Bootstrap E2E - Prerequisites.Git is available" time="0.0055" asserts="0" success="True" result="Success" executed="True" />
              <test-case description="PowerShell is available" name="Bootstrap E2E - Prerequisites.PowerShell is available" time="0.0024" asserts="0" success="True" result="Success" executed="True" />
            </results>
          </test-suite>
          <test-suite type="TestFixture" name="Bootstrap E2E - Installation Safety" executed="True" result="Success" success="True" time="0.2021" asserts="0" description="Bootstrap E2E - Installation Safety">
            <results>
              <test-case description="Creates target directory before installing" name="Bootstrap E2E - Installation Safety.Creates target directory before installing" time="0.0131" asserts="0" success="True" result="Success" executed="True" />
              <test-case description="Checks if tool exists before installing" name="Bootstrap E2E - Installation Safety.Checks if tool exists before installing" time="0.0045" asserts="0" success="True" result="Success" executed="True" />
            </results>
          </test-suite>
          <test-suite type="TestFixture" name="Bootstrap E2E - Platform Specific" executed="True" result="Success" success="True" time="0.22" asserts="0" description="Bootstrap E2E - Platform Specific">
            <results>
              <test-suite type="TestFixture" name="Bootstrap E2E - Platform Specific.Windows Bootstrap" executed="True" result="Success" success="True" time="0.0135" asserts="0" description="Bootstrap E2E - Platform Specific.Windows Bootstrap">
                <results>
                  <test-case description="Windows bootstrap script can be read" name="Bootstrap E2E - Platform Specific.Windows Bootstrap.Windows bootstrap script can be read" time="0.0049" asserts="0" success="True" result="Success" executed="True" />
                  <test-case description="Script contains Scoop installation logic" name="Bootstrap E2E - Platform Specific.Windows Bootstrap.Script contains Scoop installation logic" time="0.0047" asserts="0" success="True" result="Success" executed="True" />
                </results>
              </test-suite>
            </results>
          </test-suite>
        </results>
      </test-suite>
      <test-suite type="TestFixture" name="C:\Users\lavantien\dev\github\dotfiles\tests\powershell\e2e\git-hooks_e2e.Tests.ps1" executed="True" result="Success" success="True" time="13.447" asserts="0" description="C:\Users\lavantien\dev\github\dotfiles\tests\powershell\e2e\git-hooks_e2e.Tests.ps1">
        <results>
          <test-suite type="TestFixture" name="Git Hooks E2E - Hook Files" executed="True" result="Success" success="True" time="0.0554" asserts="0" description="Git Hooks E2E - Hook Files">
            <results>
              <test-suite type="TestFixture" name="Git Hooks E2E - Hook Files.Pre-commit Hook" executed="True" result="Success" success="True" time="0.0225" asserts="0" description="Git Hooks E2E - Hook Files.Pre-commit Hook">
                <results>
                  <test-case description="pre-commit.ps1 exists and is readable" name="Git Hooks E2E - Hook Files.Pre-commit Hook.pre-commit.ps1 exists and is readable" time="0.0039" asserts="0" success="True" result="Success" executed="True" />
                  <test-case description="pre-commit.ps1 contains Get-ProjectTypes function" name="Git Hooks E2E - Hook Files.Pre-commit Hook.pre-commit.ps1 contains Get-ProjectTypes function" time="0.005" asserts="0" success="True" result="Success" executed="True" />
                  <test-case description="pre-commit hook (bash) exists and is executable" name="Git Hooks E2E - Hook Files.Pre-commit Hook.pre-commit hook (bash) exists and is executable" time="0.0084" asserts="0" success="True" result="Success" executed="True" />
                </results>
              </test-suite>
              <test-suite type="TestFixture" name="Git Hooks E2E - Hook Files.Commit-msg Hook" executed="True" result="Success" success="True" time="0.0482" asserts="0" description="Git Hooks E2E - Hook Files.Commit-msg Hook">
                <results>
                  <test-case description="commit-msg.ps1 exists and is readable" name="Git Hooks E2E - Hook Files.Commit-msg Hook.commit-msg.ps1 exists and is readable" time="0.0043" asserts="0" success="True" result="Success" executed="True" />
                  <test-case description="commit-msg hook (bash) exists and is executable" name="Git Hooks E2E - Hook Files.Commit-msg Hook.commit-msg hook (bash) exists and is executable" time="0.0096" asserts="0" success="True" result="Success" executed="True" />
                  <test-case description="commit-msg.ps1 contains validation pattern" name="Git Hooks E2E - Hook Files.Commit-msg Hook.commit-msg.ps1 contains validation pattern" time="0.0054" asserts="0" success="True" result="Success" executed="True" />
                </results>
              </test-suite>
            </results>
          </test-suite>
          <test-suite type="TestFixture" name="Git Hooks E2E - Commit Message Validation" executed="True" result="Success" success="True" time="4.531" asserts="0" description="Git Hooks E2E - Commit Message Validation">
            <results>
              <test-suite type="TestFixture" name="Git Hooks E2E - Commit Message Validation.Valid Commit Messages" executed="True" result="Success" success="True" time="0.9833" asserts="0" description="Git Hooks E2E - Commit Message Validation.Valid Commit Messages">
                <results>
                  <test-case description="Accepts feat: type commit message" name="Git Hooks E2E - Commit Message Validation.Valid Commit Messages.Accepts feat: type commit message" time="0.1719" asserts="0" success="True" result="Success" executed="True" />
                  <test-case description="Accepts fix: type commit message" name="Git Hooks E2E - Commit Message Validation.Valid Commit Messages.Accepts fix: type commit message" time="0.1366" asserts="0" success="True" result="Success" executed="True" />
                  <test-case description="Accepts docs: type commit message" name="Git Hooks E2E - Commit Message Validation.Valid Commit Messages.Accepts docs: type commit message" time="0.1523" asserts="0" success="True" result="Success" executed="True" />
                  <test-case description="Accepts chore: type commit message" name="Git Hooks E2E - Commit Message Validation.Valid Commit Messages.Accepts chore: type commit message" time="0.1584" asserts="0" success="True" result="Success" executed="True" />
                  <test-case description="Accepts type(scope): format" name="Git Hooks E2E - Commit Message Validation.Valid Commit Messages.Accepts type(scope): format" time="0.2145" asserts="0" success="True" result="Success" executed="True" />
                  <test-case description="Accepts type(scope)!: breaking change format" name="Git Hooks E2E - Commit Message Validation.Valid Commit Messages.Accepts type(scope)!: breaking change format" time="0.1454" asserts="0" success="True" result="Success" executed="True" />
                </results>
              </test-suite>
              <test-suite type="TestFixture" name="Git Hooks E2E - Commit Message Validation.Invalid Commit Messages" executed="True" result="Success" success="True" time="1.2939" asserts="0" description="Git Hooks E2E - Commit Message Validation.Invalid Commit Messages">
                <results>
                  <test-case description="Rejects invalid commit format (no type)" name="Git Hooks E2E - Commit Message Validation.Invalid Commit Messages.Rejects invalid commit format (no type)" time="0.1516" asserts="0" success="True" result="Success" executed="True" />
                  <test-case description="Rejects subject over 72 characters" name="Git Hooks E2E - Commit Message Validation.Invalid Commit Messages.Rejects subject over 72 characters" time="0.1554" asserts="0" success="True" result="Success" executed="True" />
                </results>
              </test-suite>
              <test-suite type="TestFixture" name="Git Hooks E2E - Commit Message Validation.Multi-line Commits" executed="True" result="Success" success="True" time="1.6506" asserts="0" description="Git Hooks E2E - Commit Message Validation.Multi-line Commits">
                <results>
                  <test-case description="Requires blank line after subject for multi-line" name="Git Hooks E2E - Commit Message Validation.Multi-line Commits.Requires blank line after subject for multi-line" time="0.1687" asserts="0" success="True" result="Success" executed="True" />
                  <test-case description="Accepts properly formatted multi-line commit" name="Git Hooks E2E - Commit Message Validation.Multi-line Commits.Accepts properly formatted multi-line commit" time="0.1814" asserts="0" success="True" result="Success" executed="True" />
                </results>
              </test-suite>
              <test-suite type="TestFixture" name="Git Hooks E2E - Commit Message Validation.Special Commit Types" executed="True" result="Success" success="True" time="1.6957" asserts="0" description="Git Hooks E2E - Commit Message Validation.Special Commit Types">
                <results>
                  <test-case description="Allows merge commits" name="Git Hooks E2E - Commit Message Validation.Special Commit Types.Allows merge commits" time="0.0192" asserts="0" success="True" result="Success" executed="True" />
                  <test-case description="Allows revert commits" name="Git Hooks E2E - Commit Message Validation.Special Commit Types.Allows revert commits" time="0.0194" asserts="0" success="True" result="Success" executed="True" />
                </results>
              </test-suite>
            </results>
          </test-suite>
          <test-suite type="TestFixture" name="Git Hooks E2E - Project Detection" executed="True" result="Success" success="True" time="9.6708" asserts="0" description="Git Hooks E2E - Project Detection">
            <results>
              <test-suite type="TestFixture" name="Git Hooks E2E - Project Detection.Project Type Detection" executed="True" result="Success" success="True" time="2.4662" asserts="0" description="Git Hooks E2E - Project Detection.Project Type Detection">
                <results>
                  <test-case description="Detects Node project (package.json)" name="Git Hooks E2E - Project Detection.Project Type Detection.Detects Node project (package.json)" time="0.1492" asserts="0" success="True" result="Success" executed="True" />
                  <test-case description="Detects Python project (pyproject.toml)" name="Git Hooks E2E - Project Detection.Project Type Detection.Detects Python project (pyproject.toml)" time="0.8868" asserts="0" success="True" result="Success" executed="True" />
                  <test-case description="Detects Go project (go.mod)" name="Git Hooks E2E - Project Detection.Project Type Detection.Detects Go project (go.mod)" time="0.5385" asserts="0" success="True" result="Success" executed="True" />
                  <test-case description="Detects Rust project (Cargo.toml)" name="Git Hooks E2E - Project Detection.Project Type Detection.Detects Rust project (Cargo.toml)" time="0.4" asserts="0" success="True" result="Success" executed="True" />
                  <test-case description="Detects multiple project types" name="Git Hooks E2E - Project Detection.Project Type Detection.Detects multiple project types" time="0.1602" asserts="0" success="True" result="Success" executed="True" />
                  <test-case description="Returns empty when no project detected" name="Git Hooks E2E - Project Detection.Project Type Detection.Returns empty when no project detected" time="0.3249" asserts="0" success="True" result="Success" executed="True" />
                </results>
              </test-suite>
            </results>
          </test-suite>
          <test-suite type="TestFixture" name="Git Hooks E2E - Integration" executed="True" result="Success" success="True" time="13.3346" asserts="0" description="Git Hooks E2E - Integration">
            <results>
              <test-suite type="TestFixture" name="Git Hooks E2E - Integration.Hook Bypass" executed="True" result="Success" success="True" time="0.5534" asserts="0" description="Git Hooks E2E - Integration.Hook Bypass">
                <results>
                  <test-case description="Hooks can be bypassed with --no-verify" name="Git Hooks E2E - Integration.Hook Bypass.Hooks can be bypassed with --no-verify" time="0.5441" asserts="0" success="True" result="Success" executed="True" />
                </results>
              </test-suite>
              <test-suite type="TestFixture" name="Git Hooks E2E - Integration.Pre-commit Behavior" executed="True" result="Success" success="True" time="0.9387" asserts="0" description="Git Hooks E2E - Integration.Pre-commit Behavior">
                <results>
                  <test-case description="Allows commits with no language files" name="Git Hooks E2E - Integration.Pre-commit Behavior.Allows commits with no language files" time="0.3811" asserts="0" success="True" result="Success" executed="True" />
                </results>
              </test-suite>
            </results>
          </test-suite>
          <test-suite type="TestFixture" name="Git Hooks E2E - Edge Cases" executed="True" result="Success" success="True" time="13.3608" asserts="0" description="Git Hooks E2E - Edge Cases">
            <results>
              <test-case description="Handles empty commit message gracefully" name="Git Hooks E2E - Edge Cases.Handles empty commit message gracefully" time="0.0057" asserts="0" success="True" result="Success" executed="True" />
              <test-case description="Handles whitespace-only commit message" name="Git Hooks E2E - Edge Cases.Handles whitespace-only commit message" time="0.0043" asserts="0" success="True" result="Success" executed="True" />
              <test-case description="Handles special characters in scope" name="Git Hooks E2E - Edge Cases.Handles special characters in scope" time="0.004" asserts="0" success="True" result="Success" executed="True" />
              <test-case description="Accepts all conventional commit types" name="Git Hooks E2E - Edge Cases.Accepts all conventional commit types" time="0.0057" asserts="0" success="True" result="Success" executed="True" />
            </results>
          </test-suite>
        </results>
      </test-suite>
    </results>
  </test-suite>
</test-results>